<?xml version="1.0" encoding="utf-8"?><testsuites name="pytest tests"><testsuite name="pytest" errors="0" failures="0" skipped="0" tests="20" time="11.524" timestamp="2026-03-24T23:21:15.846395+00:00" hostname="agent-env-81b44a9e-f330-4345-8001-abcd0a84b342"><testcase classname="tests.test_p2_router_refactoring.TestHealthEndpoint" name="test_health_endpoint" time="4.288" /><testcase classname="tests.test_p2_router_refactoring.TestWatchlistRouter" name="test_get_watchlist" time="0.397" /><testcase classname="tests.test_p2_router_refactoring.TestWatchlistRouter" name="test_get_smart_watchlist" time="0.099" /><testcase classname="tests.test_p2_router_refactoring.TestWatchlistRouter" name="test_smart_watchlist_stats" time="0.109" /><testcase classname="tests.test_p2_router_refactoring.TestPortfolioRouter" name="test_get_portfolio" time="0.459" /><testcase classname="tests.test_p2_router_refactoring.TestEarningsRouter" name="test_get_earnings_today" time="1.215" /><testcase classname="tests.test_p2_router_refactoring.TestEarningsRouter" name="test_get_earnings_detail" time="0.102" /><testcase classname="tests.test_p2_router_refactoring.TestEarningsRouter" name="test_get_earnings_iv" time="0.102" /><testcase classname="tests.test_p2_router_refactoring.TestEarningsRouter" name="test_get_earnings_calendar" time="1.178" /><testcase classname="tests.test_p2_router_refactoring.TestOllamaProxyRouter" name="test_get_ollama_proxy_status" time="0.138" /><testcase classname="tests.test_p2_router_refactoring.TestOllamaProxyRouter" name="test_get_ollama_usage" time="0.097" /><testcase classname="tests.test_p2_router_refactoring.TestMarketDataRouter" name="test_get_quote" time="0.235" /><testcase classname="tests.test_p2_router_refactoring.TestMarketDataRouter" name="test_get_market_overview" time="0.392" /><testcase classname="tests.test_p2_router_refactoring.TestMarketDataRouter" name="test_get_news" time="0.290" /><testcase classname="tests.test_p2_router_refactoring.TestMarketDataRouter" name="test_get_cot_summary" time="0.102" /><testcase classname="tests.test_p2_router_refactoring.TestMarketDataRouter" name="test_get_fundamentals" time="0.814" /><testcase classname="tests.test_p2_router_refactoring.TestDashboardEndpoints" name="test_dashboard_stats" time="0.205" /><testcase classname="tests.test_p2_router_refactoring.TestDashboardEndpoints" name="test_dashboard_init" time="0.242" /><testcase classname="tests.test_p2_router_refactoring.TestDataServicesEndpoints" name="test_data_services_status" time="0.181" /><testcase classname="tests.test_p2_router_refactoring.TestDataServicesEndpoints" name="test_data_services_health" time="0.829" /></testsuite></testsuites>