<?xml version="1.0" encoding="utf-8"?><testsuites name="pytest tests"><testsuite name="pytest" errors="0" failures="0" skipped="0" tests="23" time="29.185" timestamp="2026-03-04T19:01:47.989767+00:00" hostname="agent-env-d28d07e7-d082-4271-83e0-1ee54da1d5d9"><testcase classname="backend.tests.test_scanner_universe_expansion.TestUniverseStats" name="test_universe_stats_endpoint_returns_200" time="7.283" /><testcase classname="backend.tests.test_scanner_universe_expansion.TestUniverseStats" name="test_universe_stats_has_expanded_total" time="0.198" /><testcase classname="backend.tests.test_scanner_universe_expansion.TestUniverseStats" name="test_universe_stats_has_spy_symbols" time="0.153" /><testcase classname="backend.tests.test_scanner_universe_expansion.TestUniverseStats" name="test_universe_stats_has_qqq_symbols" time="0.189" /><testcase classname="backend.tests.test_scanner_universe_expansion.TestUniverseStats" name="test_universe_stats_has_nasdaq_extended" time="0.114" /><testcase classname="backend.tests.test_scanner_universe_expansion.TestUniverseStats" name="test_universe_stats_has_iwm_symbols" time="0.127" /><testcase classname="backend.tests.test_scanner_universe_expansion.TestSectorExpansions" name="test_sector_expansions_present" time="0.108" /><testcase classname="backend.tests.test_scanner_universe_expansion.TestSectorExpansions" name="test_biotech_sector_count" time="11.021" /><testcase classname="backend.tests.test_scanner_universe_expansion.TestSectorExpansions" name="test_cannabis_sector_count" time="0.211" /><testcase classname="backend.tests.test_scanner_universe_expansion.TestSectorExpansions" name="test_ev_cleantech_sector_count" time="0.126" /><testcase classname="backend.tests.test_scanner_universe_expansion.TestSectorExpansions" name="test_crypto_sector_count" time="0.131" /><testcase classname="backend.tests.test_scanner_universe_expansion.TestSectorExpansions" name="test_quantum_ai_sector_count" time="0.112" /><testcase classname="backend.tests.test_scanner_universe_expansion.TestSectorExpansions" name="test_spac_ipo_sector_count" time="0.125" /><testcase classname="backend.tests.test_scanner_universe_expansion.TestTierCounts" name="test_tier1_count" time="0.141" /><testcase classname="backend.tests.test_scanner_universe_expansion.TestTierCounts" name="test_tier2_count" time="0.140" /><testcase classname="backend.tests.test_scanner_universe_expansion.TestTierCounts" name="test_tier3_count" time="7.982" /><testcase classname="backend.tests.test_scanner_universe_expansion.TestUserViewedSymbols" name="test_user_viewed_in_response" time="0.143" /><testcase classname="backend.tests.test_scanner_universe_expansion.TestUserViewedSymbols" name="test_user_viewed_stats_structure" time="0.124" /><testcase classname="backend.tests.test_scanner_universe_expansion.TestSummaryStructure" name="test_summary_section_present" time="0.139" /><testcase classname="backend.tests.test_scanner_universe_expansion.TestSummaryStructure" name="test_summary_sectors_included" time="0.128" /><testcase classname="backend.tests.test_scanner_universe_expansion.TestIndexSymbolsModule" name="test_metadata_present" time="0.185" /><testcase classname="backend.tests.test_scanner_universe_expansion.TestIndexSymbolsModule" name="test_overlap_spy_qqq" time="0.132" /><testcase classname="backend.tests.test_scanner_universe_expansion.TestTimestamp" name="test_timestamp_present" time="0.108" /></testsuite></testsuites>