<?xml version="1.0" encoding="utf-8"?><testsuites name="pytest tests"><testsuite name="pytest" errors="0" failures="0" skipped="0" tests="19" time="81.866" timestamp="2026-03-04T17:29:18.513638+00:00" hostname="agent-env-d28d07e7-d082-4271-83e0-1ee54da1d5d9"><testcase classname="backend.tests.test_quick_actions_and_config.TestQuickActionsAPIs" name="test_add_to_watchlist_success" time="6.082" /><testcase classname="backend.tests.test_quick_actions_and_config.TestQuickActionsAPIs" name="test_add_to_watchlist_duplicate" time="0.221" /><testcase classname="backend.tests.test_quick_actions_and_config.TestQuickActionsAPIs" name="test_create_price_alert_success" time="0.169" /><testcase classname="backend.tests.test_quick_actions_and_config.TestQuickActionsAPIs" name="test_create_percent_alert" time="0.130" /><testcase classname="backend.tests.test_quick_actions_and_config.TestQuickActionsAPIs" name="test_create_volume_alert" time="2.738" /><testcase classname="backend.tests.test_quick_actions_and_config.TestQuickActionsAPIs" name="test_create_alert_invalid_type" time="1.495" /><testcase classname="backend.tests.test_quick_actions_and_config.TestQuickActionsAPIs" name="test_create_alert_invalid_condition" time="2.481" /><testcase classname="backend.tests.test_quick_actions_and_config.TestQuickActionsAPIs" name="test_get_alerts_list" time="1.358" /><testcase classname="backend.tests.test_quick_actions_and_config.TestQuickActionsAPIs" name="test_delete_alerts_for_symbol" time="1.839" /><testcase classname="backend.tests.test_quick_actions_and_config.TestQuickActionsAPIs" name="test_remove_from_watchlist" time="7.343" /><testcase classname="backend.tests.test_quick_actions_and_config.TestOllamaConfigAPIs" name="test_get_config" time="0.145" /><testcase classname="backend.tests.test_quick_actions_and_config.TestOllamaConfigAPIs" name="test_ollama_model_change" time="11.903" /><testcase classname="backend.tests.test_quick_actions_and_config.TestOllamaConfigAPIs" name="test_ollama_model_change_non_standard" time="7.366" /><testcase classname="backend.tests.test_quick_actions_and_config.TestOllamaConfigAPIs" name="test_config_test_connection" time="4.958" /><testcase classname="backend.tests.test_quick_actions_and_config.TestHealthAndBasicAPIs" name="test_health_endpoint" time="0.135" /><testcase classname="backend.tests.test_quick_actions_and_config.TestHealthAndBasicAPIs" name="test_smart_watchlist_endpoint" time="5.162" /><testcase classname="backend.tests.test_quick_actions_and_config.TestHealthAndBasicAPIs" name="test_alpaca_status_endpoint" time="0.137" /><testcase classname="backend.tests.test_quick_actions_and_config.TestHealthAndBasicAPIs" name="test_portfolio_endpoint" time="15.869" /><testcase classname="backend.tests.test_quick_actions_and_config.TestHealthAndBasicAPIs" name="test_check_ollama_endpoint" time="12.258" /></testsuite></testsuites>