<?xml version="1.0" encoding="utf-8"?><testsuites name="pytest tests"><testsuite name="pytest" errors="0" failures="0" skipped="0" tests="11" time="678.161" timestamp="2026-02-11T17:23:43.687188+00:00" hostname="agent-env-62406430-9343-406b-b8fe-b0b501b937ec"><testcase classname="backend.tests.test_scanner_ai_integration.TestScannerStatus" name="test_scanner_status_endpoint" time="26.131" /><testcase classname="backend.tests.test_scanner_ai_integration.TestScannerStatus" name="test_scanner_alerts_endpoint" time="0.059" /><testcase classname="backend.tests.test_scanner_ai_integration.TestTradingBotStatus" name="test_trading_bot_status_endpoint" time="323.396" /><testcase classname="backend.tests.test_scanner_ai_integration.TestScannerCoachingNotifications" name="test_get_scanner_notifications_endpoint" time="0.075" /><testcase classname="backend.tests.test_scanner_ai_integration.TestScannerCoachingNotifications" name="test_get_scanner_notifications_with_since_filter" time="0.041" /><testcase classname="backend.tests.test_scanner_ai_integration.TestScannerCoachingNotifications" name="test_manual_scanner_coaching_request" time="140.628" /><testcase classname="backend.tests.test_scanner_ai_integration.TestScannerCoachingNotifications" name="test_coaching_notification_stored_after_manual_request" time="56.236" /><testcase classname="backend.tests.test_scanner_ai_integration.TestAssistantStatus" name="test_assistant_status_endpoint" time="0.054" /><testcase classname="backend.tests.test_scanner_ai_integration.TestScannerAIIntegrationFlow" name="test_scanner_to_ai_integration_wiring" time="0.088" /><testcase classname="backend.tests.test_scanner_ai_integration.TestScannerAIIntegrationFlow" name="test_coaching_for_different_setup_types" time="120.864" /><testcase classname="backend.tests.test_scanner_ai_integration.TestSmartWatchlistIntegration" name="test_smart_watchlist_endpoint" time="10.506" /></testsuite></testsuites>