<?xml version="1.0" encoding="utf-8"?><testsuites name="pytest tests"><testsuite name="pytest" errors="0" failures="0" skipped="0" tests="22" time="15.415" timestamp="2026-03-11T19:59:13.259852+00:00" hostname="agent-env-9aaad0a7-8293-45ad-b1fa-faceb7a00504"><testcase classname="tests.test_trade_style_renaming.TestTQSStyleWeights" name="test_style_weights_has_new_names" time="0.123" /><testcase classname="tests.test_trade_style_renaming.TestTQSStyleWeights" name="test_scalp_weights_correct" time="0.000" /><testcase classname="tests.test_trade_style_renaming.TestTQSStyleWeights" name="test_intraday_weights_correct" time="0.000" /><testcase classname="tests.test_trade_style_renaming.TestTQSStyleWeights" name="test_multi_day_weights_correct" time="0.000" /><testcase classname="tests.test_trade_style_renaming.TestBackwardsCompatibility" name="test_old_names_still_in_style_weights" time="0.000" /><testcase classname="tests.test_trade_style_renaming.TestBackwardsCompatibility" name="test_move_2_move_same_as_scalp" time="0.000" /><testcase classname="tests.test_trade_style_renaming.TestBackwardsCompatibility" name="test_trade_2_hold_same_as_intraday" time="0.000" /><testcase classname="tests.test_trade_style_renaming.TestBackwardsCompatibility" name="test_a_plus_same_as_multi_day" time="0.000" /><testcase classname="tests.test_trade_style_renaming.TestBackwardsCompatibility" name="test_get_weights_for_style_old_names" time="0.000" /><testcase classname="tests.test_trade_style_renaming.TestTradeStyleEnum" name="test_tradestyle_has_new_values" time="0.002" /><testcase classname="tests.test_trade_style_renaming.TestTradeStyleEnum" name="test_tradestyle_values_correct" time="0.000" /><testcase classname="tests.test_trade_style_renaming.TestTradeStyleEnum" name="test_tradestyle_backwards_compat_aliases" time="0.000" /><testcase classname="tests.test_trade_style_renaming.TestTradeStyleEnum" name="test_old_aliases_point_to_new_values" time="0.000" /><testcase classname="tests.test_trade_style_renaming.TestLiveAlertDefaultTradeStyle" name="test_livealert_default_trade_style" time="0.004" /><testcase classname="tests.test_trade_style_renaming.TestStyleWeightExplanation" name="test_new_names_explanation" time="0.000" /><testcase classname="tests.test_trade_style_renaming.TestStyleWeightExplanation" name="test_old_names_explanation" time="0.000" /><testcase classname="tests.test_trade_style_renaming.TestInferTradeStyle" name="test_infer_returns_new_names" time="0.000" /><testcase classname="tests.test_trade_style_renaming.TestAPIEndpoints" name="test_tqs_score_api_with_new_styles" time="2.264" /><testcase classname="tests.test_trade_style_renaming.TestAPIEndpoints" name="test_tqs_score_api_with_old_styles" time="1.594" /><testcase classname="tests.test_trade_style_renaming.TestAPIEndpoints" name="test_tqs_response_uses_new_style_names" time="4.207" /><testcase classname="tests.test_trade_style_renaming.TestSMBRouterTradeStyles" name="test_trade_styles_endpoint" time="0.166" /><testcase classname="tests.test_trade_style_renaming.TestSMBRouterTradeStyles" name="test_smb_setups_summary" time="6.996" /></testsuite></testsuites>