<?xml version="1.0" encoding="utf-8"?><testsuites name="pytest tests"><testsuite name="pytest" errors="0" failures="0" skipped="0" tests="17" time="66.688" timestamp="2026-03-13T22:07:35.612197+00:00" hostname="agent-env-432ac418-15ea-4890-b776-119d8c9ecdf4"><testcase classname="backend.tests.test_sentcom_unified.TestSentComEndpoints" name="test_sentcom_status" time="4.957" /><testcase classname="backend.tests.test_sentcom_unified.TestSentComEndpoints" name="test_sentcom_stream" time="0.132" /><testcase classname="backend.tests.test_sentcom_unified.TestSentComEndpoints" name="test_sentcom_chat" time="5.594" /><testcase classname="backend.tests.test_sentcom_unified.TestSentComEndpoints" name="test_sentcom_positions" time="0.158" /><testcase classname="backend.tests.test_sentcom_unified.TestSentComEndpoints" name="test_sentcom_setups" time="0.140" /><testcase classname="backend.tests.test_sentcom_unified.TestSentComEndpoints" name="test_sentcom_alerts" time="0.125" /><testcase classname="backend.tests.test_sentcom_unified.TestSentComEndpoints" name="test_sentcom_context" time="0.156" /><testcase classname="backend.tests.test_sentcom_unified.TestTradingBotControl" name="test_trading_bot_status" time="0.149" /><testcase classname="backend.tests.test_sentcom_unified.TestTradingBotControl" name="test_trading_bot_stop_and_start" time="0.536" /><testcase classname="backend.tests.test_sentcom_unified.TestTradingBotControl" name="test_trading_bot_mode_change" time="0.548" /><testcase classname="backend.tests.test_sentcom_unified.TestAssistantCoaching" name="test_morning_briefing" time="14.234" /><testcase classname="backend.tests.test_sentcom_unified.TestAssistantCoaching" name="test_rule_reminder" time="5.416" /><testcase classname="backend.tests.test_sentcom_unified.TestAssistantCoaching" name="test_daily_summary" time="0.157" /><testcase classname="backend.tests.test_sentcom_unified.TestAssistantCoaching" name="test_check_rules" time="12.989" /><testcase classname="backend.tests.test_sentcom_unified.TestAssistantCoaching" name="test_position_size" time="11.562" /><testcase classname="backend.tests.test_sentcom_unified.TestIntegration" name="test_chat_adds_to_stream" time="9.175" /><testcase classname="backend.tests.test_sentcom_unified.TestIntegration" name="test_bot_status_reflects_mode_change" time="0.575" /></testsuite></testsuites>