<?xml version="1.0" encoding="utf-8"?><testsuites name="pytest tests"><testsuite name="pytest" errors="0" failures="0" skipped="0" tests="23" time="1.267" timestamp="2026-01-27T18:42:34.705525+00:00" hostname="agent-env-ab42f539-c58a-4cd0-afd3-869502b12055"><testcase classname="tests.test_quality_scheduler.TestQualityScoreAPI" name="test_quality_score_aapl_returns_200" time="0.080" /><testcase classname="tests.test_quality_scheduler.TestQualityScoreAPI" name="test_quality_score_returns_grade" time="0.035" /><testcase classname="tests.test_quality_scheduler.TestQualityScoreAPI" name="test_quality_score_returns_component_scores" time="0.040" /><testcase classname="tests.test_quality_scheduler.TestQualityScoreAPI" name="test_quality_score_returns_percentile_rank" time="0.036" /><testcase classname="tests.test_quality_scheduler.TestQualityScoreAPI" name="test_quality_score_returns_quality_signal" time="0.043" /><testcase classname="tests.test_quality_scheduler.TestQualityScoreAPI" name="test_quality_score_returns_metrics" time="0.036" /><testcase classname="tests.test_quality_scheduler.TestQualityScoreAPI" name="test_quality_score_msft" time="0.080" /><testcase classname="tests.test_quality_scheduler.TestQualityScoreAPI" name="test_quality_score_nvda" time="0.033" /><testcase classname="tests.test_quality_scheduler.TestQualityEnhanceAPI" name="test_enhance_opportunities_returns_200" time="0.033" /><testcase classname="tests.test_quality_scheduler.TestQualityEnhanceAPI" name="test_enhance_opportunities_adds_quality_data" time="0.038" /><testcase classname="tests.test_quality_scheduler.TestQualityEnhanceAPI" name="test_enhance_opportunities_multiple_stocks" time="0.079" /><testcase classname="tests.test_quality_scheduler.TestSchedulerStatusAPI" name="test_scheduler_status_returns_200" time="0.072" /><testcase classname="tests.test_quality_scheduler.TestSchedulerStatusAPI" name="test_scheduler_status_returns_running_state" time="0.043" /><testcase classname="tests.test_quality_scheduler.TestSchedulerStatusAPI" name="test_scheduler_status_returns_tasks_list" time="0.041" /><testcase classname="tests.test_quality_scheduler.TestSchedulerStatusAPI" name="test_scheduler_status_returns_callback_registered" time="0.040" /><testcase classname="tests.test_quality_scheduler.TestSchedulerScheduleAPI" name="test_schedule_premarket_returns_200" time="0.062" /><testcase classname="tests.test_quality_scheduler.TestSchedulerScheduleAPI" name="test_schedule_premarket_returns_success_message" time="0.034" /><testcase classname="tests.test_quality_scheduler.TestSchedulerScheduleAPI" name="test_schedule_premarket_adds_task" time="0.115" /><testcase classname="tests.test_quality_scheduler.TestSchedulerScheduleAPI" name="test_schedule_premarket_custom_time" time="0.039" /><testcase classname="tests.test_quality_scheduler.TestSchedulerStopAPI" name="test_stop_premarket_returns_200" time="0.036" /><testcase classname="tests.test_quality_scheduler.TestSchedulerStopAPI" name="test_stop_premarket_returns_success_message" time="0.031" /><testcase classname="tests.test_quality_scheduler.TestSchedulerStopAPI" name="test_stop_premarket_removes_task" time="0.110" /><testcase classname="tests.test_quality_scheduler.TestQualityPanelDeleted" name="test_quality_panel_file_not_exists" time="0.035" /></testsuite></testsuites>