<?xml version="1.0" encoding="utf-8"?><testsuites name="pytest tests"><testsuite name="pytest" errors="0" failures="0" skipped="0" tests="5" time="5.827" timestamp="2026-03-13T17:49:20.131748+00:00" hostname="agent-env-94ae5618-e98f-4f5f-b44a-7ecf3f542a5b"><testcase classname="tests.test_brief_me_enhanced.TestBriefMeEnhanced" name="test_brief_me_quick_returns_success" time="1.283" /><testcase classname="tests.test_brief_me_enhanced.TestBriefMeEnhanced" name="test_brief_me_includes_news_data" time="1.053" /><testcase classname="tests.test_brief_me_enhanced.TestBriefMeEnhanced" name="test_brief_me_includes_sector_rotation" time="1.101" /><testcase classname="tests.test_brief_me_enhanced.TestBriefMeEnhanced" name="test_brief_me_includes_catalysts" time="1.123" /><testcase classname="tests.test_brief_me_enhanced.TestBriefMeEnhanced" name="test_brief_me_data_structure_complete" time="1.218" /></testsuite></testsuites>