<?xml version="1.0" encoding="utf-8"?><testsuites name="pytest tests"><testsuite name="pytest" errors="0" failures="0" skipped="0" tests="25" time="4.430" timestamp="2026-03-26T16:47:17.711570+00:00" hostname="agent-env-833edb66-241f-4a34-96ed-22c417e2087b"><testcase classname="backend.tests.test_confidence_gate.TestConfidenceGateSummary" name="test_summary_returns_success" time="0.212" /><testcase classname="backend.tests.test_confidence_gate.TestConfidenceGateSummary" name="test_summary_has_trading_mode" time="0.124" /><testcase classname="backend.tests.test_confidence_gate.TestConfidenceGateSummary" name="test_summary_has_today_stats" time="0.194" /><testcase classname="backend.tests.test_confidence_gate.TestConfidenceGateSummary" name="test_summary_has_streak_info" time="0.116" /><testcase classname="backend.tests.test_confidence_gate.TestConfidenceGateDecisions" name="test_decisions_returns_success" time="0.114" /><testcase classname="backend.tests.test_confidence_gate.TestConfidenceGateDecisions" name="test_decisions_returns_array" time="0.108" /><testcase classname="backend.tests.test_confidence_gate.TestConfidenceGateDecisions" name="test_decisions_with_limit" time="0.118" /><testcase classname="backend.tests.test_confidence_gate.TestConfidenceGateStats" name="test_stats_returns_success" time="0.110" /><testcase classname="backend.tests.test_confidence_gate.TestConfidenceGateStats" name="test_stats_has_counts" time="0.101" /><testcase classname="backend.tests.test_confidence_gate.TestConfidenceGateStats" name="test_stats_has_rates" time="0.097" /><testcase classname="backend.tests.test_confidence_gate.TestConfidenceGateEvaluate" name="test_evaluate_returns_success" time="0.177" /><testcase classname="backend.tests.test_confidence_gate.TestConfidenceGateEvaluate" name="test_evaluate_returns_decision" time="0.172" /><testcase classname="backend.tests.test_confidence_gate.TestConfidenceGateEvaluate" name="test_evaluate_returns_confidence_score" time="0.176" /><testcase classname="backend.tests.test_confidence_gate.TestConfidenceGateEvaluate" name="test_evaluate_returns_reasoning" time="0.205" /><testcase classname="backend.tests.test_confidence_gate.TestConfidenceGateEvaluate" name="test_evaluate_returns_regime_info" time="0.202" /><testcase classname="backend.tests.test_confidence_gate.TestConfidenceGateEvaluate" name="test_evaluate_with_short_direction" time="0.281" /><testcase classname="backend.tests.test_confidence_gate.TestRegimeLive" name="test_regime_live_returns_success" time="0.269" /><testcase classname="backend.tests.test_confidence_gate.TestRegimeLive" name="test_regime_live_has_regime" time="0.310" /><testcase classname="backend.tests.test_confidence_gate.TestRegimeLive" name="test_regime_live_has_indexes" time="0.358" /><testcase classname="backend.tests.test_confidence_gate.TestRegimeLive" name="test_regime_live_has_cross_data" time="0.306" /><testcase classname="backend.tests.test_confidence_gate.TestModelInventory" name="test_model_inventory_returns_success" time="0.126" /><testcase classname="backend.tests.test_confidence_gate.TestModelInventory" name="test_model_inventory_has_categories" time="0.128" /><testcase classname="backend.tests.test_confidence_gate.TestModelInventory" name="test_model_inventory_has_totals" time="0.119" /><testcase classname="backend.tests.test_confidence_gate.TestTrainingStatus" name="test_status_returns_success" time="0.131" /><testcase classname="backend.tests.test_confidence_gate.TestTrainingStatus" name="test_status_has_task_status" time="0.144" /></testsuite></testsuites>