<?xml version="1.0" encoding="utf-8"?><testsuites name="pytest tests"><testsuite name="pytest" errors="0" failures="0" skipped="0" tests="11" time="35.710" timestamp="2026-02-10T17:06:57.469369+00:00" hostname="agent-env-f1d4a866-2ffb-4cf1-a55a-3c21436aa9df"><testcase classname="backend.tests.test_ollama_integration.TestOllamaLLMIntegration" name="test_llm_status_ollama_primary" time="4.333" /><testcase classname="backend.tests.test_ollama_integration.TestOllamaLLMIntegration" name="test_llm_status_ollama_connected" time="0.181" /><testcase classname="backend.tests.test_ollama_integration.TestOllamaLLMIntegration" name="test_llm_status_models_available" time="0.184" /><testcase classname="backend.tests.test_ollama_integration.TestOllamaLLMIntegration" name="test_llm_status_emergent_fallback" time="0.189" /><testcase classname="backend.tests.test_ollama_integration.TestOllamaLLMIntegration" name="test_llm_status_ollama_url_model" time="0.186" /><testcase classname="backend.tests.test_ollama_integration.TestAIAssistantChat" name="test_chat_returns_response" time="8.631" /><testcase classname="backend.tests.test_ollama_integration.TestAIAssistantChat" name="test_chat_uses_ollama_provider" time="21.734" /><testcase classname="backend.tests.test_ollama_integration.TestMarketIntelGeneration" name="test_generate_power_hour_report" time="0.083" /><testcase classname="backend.tests.test_ollama_integration.TestMarketIntelGeneration" name="test_get_current_report" time="0.042" /><testcase classname="backend.tests.test_ollama_integration.TestMarketIntelGeneration" name="test_get_market_intel_schedule" time="0.038" /><testcase classname="backend.tests.test_ollama_integration.TestHealthEndpoint" name="test_health_endpoint" time="0.041" /></testsuite></testsuites>