<?xml version="1.0" encoding="utf-8"?><testsuites name="pytest tests"><testsuite name="pytest" errors="0" failures="0" skipped="0" tests="39" time="13.310" timestamp="2026-03-10T04:23:17.094086+00:00" hostname="agent-env-f9a03247-353b-4398-a7cf-dd43c089e1fd"><testcase classname="tests.test_tqs_engine.TestTQSPillars" name="test_pillars_endpoint_returns_success" time="6.171" /><testcase classname="tests.test_tqs_engine.TestTQSPillars" name="test_pillars_returns_all_five_pillars" time="0.187" /><testcase classname="tests.test_tqs_engine.TestTQSPillars" name="test_pillars_have_correct_weights" time="0.159" /><testcase classname="tests.test_tqs_engine.TestTQSPillars" name="test_pillars_have_components" time="0.157" /><testcase classname="tests.test_tqs_engine.TestTQSThresholds" name="test_thresholds_endpoint_returns_success" time="0.126" /><testcase classname="tests.test_tqs_engine.TestTQSThresholds" name="test_action_thresholds_are_correct" time="0.110" /><testcase classname="tests.test_tqs_engine.TestTQSThresholds" name="test_weights_sum_to_one" time="0.096" /><testcase classname="tests.test_tqs_engine.TestTQSThresholds" name="test_grade_ranges_are_correct" time="0.101" /><testcase classname="tests.test_tqs_engine.TestTQSScore" name="test_score_endpoint_returns_success" time="0.305" /><testcase classname="tests.test_tqs_engine.TestTQSScore" name="test_score_returns_tqs_summary" time="0.163" /><testcase classname="tests.test_tqs_engine.TestTQSScore" name="test_score_is_in_valid_range" time="0.169" /><testcase classname="tests.test_tqs_engine.TestTQSScore" name="test_grade_is_valid" time="0.158" /><testcase classname="tests.test_tqs_engine.TestTQSScore" name="test_action_is_valid" time="0.224" /><testcase classname="tests.test_tqs_engine.TestTQSScore" name="test_pillar_scores_all_present" time="0.163" /><testcase classname="tests.test_tqs_engine.TestTQSScore" name="test_different_symbols" time="0.501" /><testcase classname="tests.test_tqs_engine.TestTQSBreakdown" name="test_breakdown_endpoint_returns_success" time="0.192" /><testcase classname="tests.test_tqs_engine.TestTQSBreakdown" name="test_breakdown_contains_all_pillar_details" time="0.158" /><testcase classname="tests.test_tqs_engine.TestTQSBreakdown" name="test_setup_pillar_components" time="0.160" /><testcase classname="tests.test_tqs_engine.TestTQSBreakdown" name="test_technical_pillar_components" time="0.157" /><testcase classname="tests.test_tqs_engine.TestTQSBreakdown" name="test_fundamental_pillar_components" time="0.170" /><testcase classname="tests.test_tqs_engine.TestTQSBreakdown" name="test_context_pillar_components" time="0.161" /><testcase classname="tests.test_tqs_engine.TestTQSBreakdown" name="test_execution_pillar_components" time="0.169" /><testcase classname="tests.test_tqs_engine.TestTQSBreakdown" name="test_breakdown_includes_key_factors_and_concerns" time="0.158" /><testcase classname="tests.test_tqs_engine.TestTQSBatch" name="test_batch_endpoint_returns_success" time="0.260" /><testcase classname="tests.test_tqs_engine.TestTQSBatch" name="test_batch_returns_correct_count" time="0.338" /><testcase classname="tests.test_tqs_engine.TestTQSBatch" name="test_batch_results_are_sorted_by_score" time="0.308" /><testcase classname="tests.test_tqs_engine.TestTQSBatch" name="test_batch_empty_opportunities" time="0.102" /><testcase classname="tests.test_tqs_engine.TestTQSBatch" name="test_batch_max_limit" time="0.097" /><testcase classname="tests.test_tqs_engine.TestTQSGuidance" name="test_guidance_endpoint_returns_success" time="0.121" /><testcase classname="tests.test_tqs_engine.TestTQSGuidance" name="test_guidance_for_strong_buy_score" time="0.093" /><testcase classname="tests.test_tqs_engine.TestTQSGuidance" name="test_guidance_for_buy_score" time="0.102" /><testcase classname="tests.test_tqs_engine.TestTQSGuidance" name="test_guidance_for_hold_score" time="0.100" /><testcase classname="tests.test_tqs_engine.TestTQSGuidance" name="test_guidance_for_avoid_score" time="0.113" /><testcase classname="tests.test_tqs_engine.TestTQSGuidance" name="test_guidance_for_strong_avoid_score" time="0.099" /><testcase classname="tests.test_tqs_engine.TestTQSGuidance" name="test_guidance_boundary_values" time="0.504" /><testcase classname="tests.test_tqs_engine.TestTQSGradeAssignment" name="test_grade_a_for_score_85_plus" time="0.167" /><testcase classname="tests.test_tqs_engine.TestTQSActionAssignment" name="test_action_matches_score_threshold" time="0.168" /><testcase classname="tests.test_tqs_engine.TestTQSShortDirection" name="test_short_direction_scoring" time="0.171" /><testcase classname="tests.test_tqs_engine.TestTQSShortDirection" name="test_short_vs_long_scoring_differs" time="0.345" /></testsuite></testsuites>