<?xml version="1.0" encoding="utf-8"?><testsuites name="pytest tests"><testsuite name="pytest" errors="0" failures="0" skipped="0" tests="23" time="22.793" timestamp="2026-03-30T19:37:51.868459+00:00" hostname="agent-env-d7400a42-c30f-4042-8daa-97c4ad214f38"><testcase classname="tests.test_hindsight_analysis.TestHindsightDataBuilder" name="test_build_hindsight_data_returns_required_fields" time="3.985" /><testcase classname="tests.test_hindsight_analysis.TestHindsightDataBuilder" name="test_trade_outcome_classification" time="0.380" /><testcase classname="tests.test_hindsight_analysis.TestHindsightDataBuilder" name="test_similar_trades_structure" time="0.413" /><testcase classname="tests.test_hindsight_analysis.TestHindsightDataBuilder" name="test_current_gate_stance_structure" time="0.470" /><testcase classname="tests.test_hindsight_analysis.TestHindsightDataBuilder" name="test_learning_loop_structure" time="0.247" /><testcase classname="tests.test_hindsight_analysis.TestHindsightDataBuilder" name="test_improvements_is_list" time="0.229" /><testcase classname="tests.test_hindsight_analysis.TestHindsightPromptBuilder" name="test_build_hindsight_prompt_returns_string" time="0.881" /><testcase classname="tests.test_hindsight_analysis.TestHindsightPromptBuilder" name="test_prompt_contains_trade_info" time="0.249" /><testcase classname="tests.test_hindsight_analysis.TestHindsightPromptBuilder" name="test_prompt_contains_similar_trades_data" time="0.721" /><testcase classname="tests.test_hindsight_analysis.TestHindsightPromptBuilder" name="test_prompt_contains_gate_stance" time="0.708" /><testcase classname="tests.test_hindsight_analysis.TestHindsightPromptBuilder" name="test_prompt_contains_improvements" time="0.255" /><testcase classname="tests.test_hindsight_analysis.TestHindsightEndpoint" name="test_hindsight_endpoint_direct" time="11.562" /><testcase classname="tests.test_hindsight_analysis.TestHindsightEndpoint" name="test_hindsight_with_win_trade" time="0.433" /><testcase classname="tests.test_hindsight_analysis.TestHindsightEndpoint" name="test_hindsight_with_loss_trade" time="0.381" /><testcase classname="tests.test_hindsight_analysis.TestHindsightEndpoint" name="test_hindsight_404_for_nonexistent_trade" time="0.336" /><testcase classname="tests.test_hindsight_analysis.TestTopValuesHelper" name="test_top_values_returns_most_common" time="0.000" /><testcase classname="tests.test_hindsight_analysis.TestTopValuesHelper" name="test_top_values_handles_empty_list" time="0.000" /><testcase classname="tests.test_hindsight_analysis.TestExistingEndpointsStillWork" name="test_list_snapshots" time="0.064" /><testcase classname="tests.test_hindsight_analysis.TestExistingEndpointsStillWork" name="test_get_snapshot_by_id" time="0.317" /><testcase classname="tests.test_hindsight_analysis.TestExistingEndpointsStillWork" name="test_explain_endpoint_still_works" time="0.162" /><testcase classname="tests.test_hindsight_analysis.TestExistingEndpointsStillWork" name="test_chat_context_endpoint_still_works" time="0.000" /><testcase classname="tests.test_hindsight_analysis.TestImprovementsLogic" name="test_improvements_for_stop_loss_exit" time="0.400" /><testcase classname="tests.test_hindsight_analysis.TestImprovementsLogic" name="test_improvements_always_non_empty" time="0.476" /></testsuite></testsuites>