<?xml version="1.0" encoding="utf-8"?><testsuites name="pytest tests"><testsuite name="pytest" errors="0" failures="0" skipped="0" tests="32" time="96.768" timestamp="2026-03-12T19:50:28.069417+00:00" hostname="agent-env-68129b49-dbf1-4578-a8d7-9f6633994e77"><testcase classname="tests.test_intelligent_stop_manager.TestIntelligentStopSetupRules" name="test_get_setup_rules_returns_success" time="6.740" /><testcase classname="tests.test_intelligent_stop_manager.TestIntelligentStopSetupRules" name="test_setup_rules_returns_8_setup_types" time="0.163" /><testcase classname="tests.test_intelligent_stop_manager.TestIntelligentStopSetupRules" name="test_setup_rules_contain_descriptions" time="0.172" /><testcase classname="tests.test_intelligent_stop_manager.TestIntelligentStopSetupRules" name="test_setup_rules_have_required_fields" time="0.182" /><testcase classname="tests.test_intelligent_stop_manager.TestIntelligentStopTrailingModes" name="test_get_trailing_modes_returns_success" time="0.170" /><testcase classname="tests.test_intelligent_stop_manager.TestIntelligentStopTrailingModes" name="test_trailing_modes_returns_all_modes" time="0.158" /><testcase classname="tests.test_intelligent_stop_manager.TestIntelligentStopTrailingModes" name="test_trailing_modes_have_descriptions" time="0.170" /><testcase classname="tests.test_intelligent_stop_manager.TestIntelligentStopUrgencyLevels" name="test_get_urgency_levels_returns_success" time="0.164" /><testcase classname="tests.test_intelligent_stop_manager.TestIntelligentStopUrgencyLevels" name="test_urgency_levels_returns_all_levels" time="0.168" /><testcase classname="tests.test_intelligent_stop_manager.TestIntelligentStopUrgencyLevels" name="test_urgency_levels_have_actions" time="1.406" /><testcase classname="tests.test_intelligent_stop_manager.TestIntelligentStopCalculate" name="test_calculate_basic_stop" time="3.463" /><testcase classname="tests.test_intelligent_stop_manager.TestIntelligentStopCalculate" name="test_calculate_breakout_setup_returns_chandelier_trailing" time="4.078" /><testcase classname="tests.test_intelligent_stop_manager.TestIntelligentStopCalculate" name="test_calculate_momentum_setup_returns_parabolic_trailing" time="0.139" /><testcase classname="tests.test_intelligent_stop_manager.TestIntelligentStopCalculate" name="test_calculate_low_float_triggers_high_hunt_risk" time="7.284" /><testcase classname="tests.test_intelligent_stop_manager.TestIntelligentStopCalculate" name="test_calculate_returns_layered_stops_with_3_levels" time="0.176" /><testcase classname="tests.test_intelligent_stop_manager.TestIntelligentStopCalculate" name="test_calculate_returns_scale_out_plan" time="7.199" /><testcase classname="tests.test_intelligent_stop_manager.TestIntelligentStopCalculate" name="test_regime_adjustment_applied_confirmed_down_long" time="0.152" /><testcase classname="tests.test_intelligent_stop_manager.TestIntelligentStopCalculate" name="test_calculate_short_position" time="4.158" /><testcase classname="tests.test_intelligent_stop_manager.TestIntelligentStopCalculate" name="test_calculate_with_support_resistance_levels" time="0.138" /><testcase classname="tests.test_intelligent_stop_manager.TestIntelligentStopCalculate" name="test_calculate_response_contains_all_required_fields" time="7.444" /><testcase classname="tests.test_intelligent_stop_manager.TestIntelligentStopAnalyzeTrade" name="test_analyze_trade_returns_success" time="0.184" /><testcase classname="tests.test_intelligent_stop_manager.TestIntelligentStopAnalyzeTrade" name="test_analyze_trade_returns_current_vs_optimal" time="4.032" /><testcase classname="tests.test_intelligent_stop_manager.TestIntelligentStopAnalyzeTrade" name="test_analyze_trade_returns_recommendations" time="0.140" /><testcase classname="tests.test_intelligent_stop_manager.TestIntelligentStopSetupSpecificRules" name="test_pullback_setup_uses_atr_trailing" time="7.572" /><testcase classname="tests.test_intelligent_stop_manager.TestIntelligentStopSetupSpecificRules" name="test_mean_reversion_setup_uses_percent_trailing" time="0.157" /><testcase classname="tests.test_intelligent_stop_manager.TestIntelligentStopSetupSpecificRules" name="test_gap_and_go_setup_uses_breakeven_plus_trailing" time="7.416" /><testcase classname="tests.test_intelligent_stop_manager.TestIntelligentStopSetupSpecificRules" name="test_earnings_play_does_not_respect_regime" time="0.140" /><testcase classname="tests.test_intelligent_stop_manager.TestIntelligentStopConfidenceAndUrgency" name="test_confidence_is_valid_range" time="4.376" /><testcase classname="tests.test_intelligent_stop_manager.TestIntelligentStopConfidenceAndUrgency" name="test_urgency_is_valid_level" time="0.135" /><testcase classname="tests.test_intelligent_stop_manager.TestIntelligentStopEdgeCases" name="test_missing_required_field_returns_error" time="7.187" /><testcase classname="tests.test_intelligent_stop_manager.TestIntelligentStopEdgeCases" name="test_invalid_direction_returns_error" time="0.314" /><testcase classname="tests.test_intelligent_stop_manager.TestIntelligentStopEdgeCases" name="test_unknown_setup_type_falls_back_to_default" time="21.322" /></testsuite></testsuites>