<?xml version="1.0" encoding="utf-8"?><testsuites name="pytest tests"><testsuite name="pytest" errors="0" failures="0" skipped="0" tests="24" time="250.336" timestamp="2026-03-14T18:46:22.734565+00:00" hostname="agent-env-d2df8c3d-7125-44dc-8c89-a24387d709fb"><testcase classname="tests.test_ai_modules.TestAIModulesConfig" name="test_get_module_config" time="33.623" /><testcase classname="tests.test_ai_modules.TestAIModulesConfig" name="test_get_module_status" time="9.818" /><testcase classname="tests.test_ai_modules.TestModuleToggle" name="test_toggle_debate_agents_on" time="0.161" /><testcase classname="tests.test_ai_modules.TestModuleToggle" name="test_toggle_debate_agents_off" time="3.262" /><testcase classname="tests.test_ai_modules.TestModuleToggle" name="test_toggle_ai_risk_manager" time="9.948" /><testcase classname="tests.test_ai_modules.TestModuleToggle" name="test_toggle_institutional_flow" time="0.171" /><testcase classname="tests.test_ai_modules.TestModuleToggle" name="test_toggle_invalid_module" time="10.031" /><testcase classname="tests.test_ai_modules.TestShadowMode" name="test_set_global_shadow_mode_on" time="0.150" /><testcase classname="tests.test_ai_modules.TestShadowMode" name="test_set_global_shadow_mode_off" time="7.013" /><testcase classname="tests.test_ai_modules.TestShadowMode" name="test_set_module_shadow_mode" time="13.342" /><testcase classname="tests.test_ai_modules.TestDebateAgents" name="test_run_debate_module_disabled" time="10.096" /><testcase classname="tests.test_ai_modules.TestDebateAgents" name="test_run_debate_module_enabled" time="10.493" /><testcase classname="tests.test_ai_modules.TestAIRiskManager" name="test_risk_assessment_module_disabled" time="10.234" /><testcase classname="tests.test_ai_modules.TestAIRiskManager" name="test_risk_assessment_full" time="13.412" /><testcase classname="tests.test_ai_modules.TestInstitutionalFlow" name="test_ownership_context_disabled" time="16.262" /><testcase classname="tests.test_ai_modules.TestInstitutionalFlow" name="test_ownership_context_enabled" time="70.289" /><testcase classname="tests.test_ai_modules.TestInstitutionalFlow" name="test_rebalance_risk" time="19.544" /><testcase classname="tests.test_ai_modules.TestVolumeAnomaly" name="test_volume_analyze" time="7.701" /><testcase classname="tests.test_ai_modules.TestVolumeAnomaly" name="test_volume_detect_spike" time="0.189" /><testcase classname="tests.test_ai_modules.TestVolumeAnomaly" name="test_volume_detect_no_anomaly" time="0.109" /><testcase classname="tests.test_ai_modules.TestShadowTracker" name="test_get_shadow_stats" time="0.113" /><testcase classname="tests.test_ai_modules.TestShadowTracker" name="test_get_shadow_decisions" time="0.110" /><testcase classname="tests.test_ai_modules.TestShadowTracker" name="test_get_shadow_performance" time="2.962" /><testcase classname="tests.test_ai_modules.TestEndToEnd" name="test_full_trade_analysis_flow" time="1.188" /></testsuite></testsuites>