<?xml version="1.0" encoding="utf-8"?><testsuites name="pytest tests"><testsuite name="pytest" errors="0" failures="0" skipped="0" tests="11" time="7.121" timestamp="2026-03-15T02:07:08.477592+00:00" hostname="agent-env-887acd4b-b3c3-4bf2-ba28-81173c84604d"><testcase classname="backend.tests.test_ai_dashboard_phase4.TestTimeSeriesStatusAPI" name="test_timeseries_status_returns_trained_model" time="5.246" /><testcase classname="backend.tests.test_ai_dashboard_phase4.TestTimeSeriesForecastFromMongoDB" name="test_forecast_without_bars_fetches_from_mongodb" time="0.268" /><testcase classname="backend.tests.test_ai_dashboard_phase4.TestTimeSeriesForecastFromMongoDB" name="test_forecast_multiple_symbols_from_mongodb" time="0.488" /><testcase classname="backend.tests.test_ai_dashboard_phase4.TestShadowDecisionsAPI" name="test_get_shadow_decisions" time="0.110" /><testcase classname="backend.tests.test_ai_dashboard_phase4.TestShadowDecisionsAPI" name="test_filter_decisions_by_symbol" time="0.122" /><testcase classname="backend.tests.test_ai_dashboard_phase4.TestShadowPerformanceAPI" name="test_get_performance_metrics" time="0.119" /><testcase classname="backend.tests.test_ai_dashboard_phase4.TestAIModulesConfig" name="test_get_config" time="0.148" /><testcase classname="backend.tests.test_ai_dashboard_phase4.TestAIModulesConfig" name="test_get_status" time="0.107" /><testcase classname="backend.tests.test_ai_dashboard_phase4.TestAIModulesConfig" name="test_toggle_timeseries_module" time="0.232" /><testcase classname="backend.tests.test_ai_dashboard_phase4.TestModelMetrics" name="test_get_metrics" time="0.109" /><testcase classname="backend.tests.test_ai_dashboard_phase4.TestShadowStats" name="test_get_stats" time="0.106" /></testsuite></testsuites>