<?xml version="1.0" encoding="utf-8"?><testsuites name="pytest tests"><testsuite name="pytest" errors="0" failures="0" skipped="0" tests="29" time="9.029" timestamp="2026-03-10T05:08:40.751279+00:00" hostname="agent-env-159c6be8-bb1a-42bd-8066-df3cd403ac09"><testcase classname="backend.tests.test_medium_learning_phase5.TestMediumLearningStatus" name="test_medium_learning_status" time="4.999" /><testcase classname="backend.tests.test_medium_learning_phase5.TestCalibrationService" name="test_get_calibration_config" time="0.283" /><testcase classname="backend.tests.test_medium_learning_phase5.TestCalibrationService" name="test_analyze_and_recommend" time="0.160" /><testcase classname="backend.tests.test_medium_learning_phase5.TestCalibrationService" name="test_get_calibration_history" time="0.164" /><testcase classname="backend.tests.test_medium_learning_phase5.TestCalibrationService" name="test_get_calibration_history_applied_only" time="0.139" /><testcase classname="backend.tests.test_medium_learning_phase5.TestContextPerformanceService" name="test_update_context_performance" time="0.164" /><testcase classname="backend.tests.test_medium_learning_phase5.TestContextPerformanceService" name="test_generate_performance_report" time="0.229" /><testcase classname="backend.tests.test_medium_learning_phase5.TestContextPerformanceService" name="test_generate_performance_report_daily" time="0.153" /><testcase classname="backend.tests.test_medium_learning_phase5.TestContextPerformanceService" name="test_generate_performance_report_monthly" time="0.108" /><testcase classname="backend.tests.test_medium_learning_phase5.TestContextPerformanceService" name="test_get_all_context_performance" time="0.098" /><testcase classname="backend.tests.test_medium_learning_phase5.TestContextPerformanceService" name="test_lookup_context_performance" time="0.096" /><testcase classname="backend.tests.test_medium_learning_phase5.TestConfirmationValidatorService" name="test_validate_confirmations" time="0.115" /><testcase classname="backend.tests.test_medium_learning_phase5.TestConfirmationValidatorService" name="test_get_all_confirmation_stats" time="0.152" /><testcase classname="backend.tests.test_medium_learning_phase5.TestConfirmationValidatorService" name="test_get_confirmation_stats_specific_type" time="0.183" /><testcase classname="backend.tests.test_medium_learning_phase5.TestPlaybookPerformanceService" name="test_update_playbook_performance" time="0.094" /><testcase classname="backend.tests.test_medium_learning_phase5.TestPlaybookPerformanceService" name="test_generate_playbook_report" time="0.107" /><testcase classname="backend.tests.test_medium_learning_phase5.TestPlaybookPerformanceService" name="test_get_all_playbook_performance" time="0.147" /><testcase classname="backend.tests.test_medium_learning_phase5.TestPlaybookPerformanceService" name="test_get_specific_playbook_performance" time="0.103" /><testcase classname="backend.tests.test_medium_learning_phase5.TestEdgeDecayService" name="test_analyze_edge_decay" time="0.106" /><testcase classname="backend.tests.test_medium_learning_phase5.TestEdgeDecayService" name="test_get_all_edge_metrics" time="0.099" /><testcase classname="backend.tests.test_medium_learning_phase5.TestEdgeDecayService" name="test_get_decaying_edges" time="0.148" /><testcase classname="backend.tests.test_medium_learning_phase5.TestEdgeDecayService" name="test_get_specific_edge_metrics" time="0.110" /><testcase classname="backend.tests.test_medium_learning_phase5.TestDailyAnalysis" name="test_run_daily_analysis" time="0.117" /><testcase classname="backend.tests.test_medium_learning_phase5.TestEdgeCases" name="test_calibration_analyze_different_lookback" time="0.302" /><testcase classname="backend.tests.test_medium_learning_phase5.TestEdgeCases" name="test_performance_report_with_custom_lookback" time="0.106" /><testcase classname="backend.tests.test_medium_learning_phase5.TestEdgeCases" name="test_confirmation_validation_short_lookback" time="0.100" /><testcase classname="backend.tests.test_medium_learning_phase5.TestEdgeCases" name="test_nonexistent_confirmation_type" time="0.110" /><testcase classname="backend.tests.test_medium_learning_phase5.TestEdgeCases" name="test_nonexistent_playbook" time="0.107" /><testcase classname="backend.tests.test_medium_learning_phase5.TestEdgeCases" name="test_nonexistent_edge" time="0.101" /></testsuite></testsuites>