<?xml version="1.0" encoding="utf-8"?><testsuites name="pytest tests"><testsuite name="pytest" errors="0" failures="0" skipped="0" tests="14" time="1.194" timestamp="2026-03-26T19:35:02.836242+00:00" hostname="agent-env-833edb66-241f-4a34-96ed-22c417e2087b"><testcase classname="tests.test_p3_websocket_smartfilter.TestSmartFilterDelegation" name="test_smart_filter_import" time="0.118" /><testcase classname="tests.test_p3_websocket_smartfilter.TestSmartFilterDelegation" name="test_smart_filter_proceed_action" time="0.000" /><testcase classname="tests.test_p3_websocket_smartfilter.TestSmartFilterDelegation" name="test_smart_filter_cold_start_bootstrap" time="0.000" /><testcase classname="tests.test_p3_websocket_smartfilter.TestSmartFilterDelegation" name="test_smart_filter_skip_low_winrate" time="0.000" /><testcase classname="tests.test_p3_websocket_smartfilter.TestSmartFilterDelegation" name="test_smart_filter_config_property" time="0.000" /><testcase classname="tests.test_p3_websocket_smartfilter.TestSmartFilterDelegation" name="test_smart_filter_update_config" time="0.000" /><testcase classname="tests.test_p3_websocket_smartfilter.TestTradingBotEndpoints" name="test_trading_bot_status" time="0.169" /><testcase classname="tests.test_p3_websocket_smartfilter.TestTradingBotEndpoints" name="test_smart_filter_config_endpoint" time="0.116" /><testcase classname="tests.test_p3_websocket_smartfilter.TestConfidenceGateEndpoints" name="test_confidence_gate_summary" time="0.111" /><testcase classname="tests.test_p3_websocket_smartfilter.TestConfidenceGateEndpoints" name="test_confidence_gate_decisions" time="0.144" /><testcase classname="tests.test_p3_websocket_smartfilter.TestHealthEndpoints" name="test_health_endpoint" time="0.173" /><testcase classname="tests.test_p3_websocket_smartfilter.TestHealthEndpoints" name="test_system_status" time="0.124" /><testcase classname="tests.test_p3_websocket_smartfilter.TestWebSocketStreamRegistration" name="test_filter_thoughts_endpoint" time="0.102" /><testcase classname="tests.test_p3_websocket_smartfilter.TestWebSocketStreamRegistration" name="test_market_regime_endpoint" time="0.113" /></testsuite></testsuites>