<?xml version="1.0" encoding="utf-8"?><testsuites name="pytest tests"><testsuite name="pytest" errors="0" failures="0" skipped="0" tests="32" time="208.061" timestamp="2026-01-30T20:45:07.309724+00:00" hostname="agent-env-64e65203-bb03-4a2c-a935-4a0cd4e7e015"><testcase classname="backend.tests.test_live_scanner.TestLiveScannerStatus" name="test_status_returns_200" time="204.629" /><testcase classname="backend.tests.test_live_scanner.TestLiveScannerStatus" name="test_status_has_running_field" time="0.894" /><testcase classname="backend.tests.test_live_scanner.TestLiveScannerStatus" name="test_status_has_scan_count" time="0.079" /><testcase classname="backend.tests.test_live_scanner.TestLiveScannerStatus" name="test_status_has_watchlist_size" time="0.042" /><testcase classname="backend.tests.test_live_scanner.TestLiveScannerStatus" name="test_status_has_enabled_setups" time="0.036" /><testcase classname="backend.tests.test_live_scanner.TestLiveScannerAlerts" name="test_alerts_returns_200" time="0.036" /><testcase classname="backend.tests.test_live_scanner.TestLiveScannerAlerts" name="test_alerts_has_count" time="0.039" /><testcase classname="backend.tests.test_live_scanner.TestLiveScannerAlerts" name="test_alerts_has_alerts_array" time="0.038" /><testcase classname="backend.tests.test_live_scanner.TestLiveScannerAlerts" name="test_alerts_has_scanner_running_status" time="0.040" /><testcase classname="backend.tests.test_live_scanner.TestLiveScannerControl" name="test_stop_scanner" time="0.077" /><testcase classname="backend.tests.test_live_scanner.TestLiveScannerControl" name="test_start_scanner" time="0.077" /><testcase classname="backend.tests.test_live_scanner.TestLiveScannerControl" name="test_start_already_running_scanner" time="0.073" /><testcase classname="backend.tests.test_live_scanner.TestLiveScannerWatchlist" name="test_get_watchlist_returns_200" time="0.042" /><testcase classname="backend.tests.test_live_scanner.TestLiveScannerWatchlist" name="test_get_watchlist_has_symbols" time="0.032" /><testcase classname="backend.tests.test_live_scanner.TestLiveScannerWatchlist" name="test_watchlist_contains_expected_symbols" time="0.034" /><testcase classname="backend.tests.test_live_scanner.TestLiveScannerWatchlist" name="test_set_watchlist" time="0.106" /><testcase classname="backend.tests.test_live_scanner.TestLiveScannerWatchlist" name="test_add_symbol_to_watchlist" time="0.134" /><testcase classname="backend.tests.test_live_scanner.TestLiveScannerWatchlist" name="test_remove_symbol_from_watchlist" time="0.104" /><testcase classname="backend.tests.test_live_scanner.TestLiveScannerWatchlist" name="test_watchlist_symbols_uppercase" time="0.110" /><testcase classname="backend.tests.test_live_scanner.TestLiveScannerConfig" name="test_get_config_returns_200" time="0.075" /><testcase classname="backend.tests.test_live_scanner.TestLiveScannerConfig" name="test_config_has_scan_interval" time="0.034" /><testcase classname="backend.tests.test_live_scanner.TestLiveScannerConfig" name="test_config_has_enabled_setups" time="0.031" /><testcase classname="backend.tests.test_live_scanner.TestLiveScannerConfig" name="test_update_scan_interval_30s" time="0.069" /><testcase classname="backend.tests.test_live_scanner.TestLiveScannerConfig" name="test_update_scan_interval_60s" time="0.035" /><testcase classname="backend.tests.test_live_scanner.TestLiveScannerConfig" name="test_update_scan_interval_120s" time="0.037" /><testcase classname="backend.tests.test_live_scanner.TestLiveScannerConfig" name="test_update_scan_interval_300s" time="0.066" /><testcase classname="backend.tests.test_live_scanner.TestLiveScannerConfig" name="test_update_enabled_setups" time="0.104" /><testcase classname="backend.tests.test_live_scanner.TestLiveScannerConfig" name="test_update_config_interval_and_setups_together" time="0.065" /><testcase classname="backend.tests.test_live_scanner.TestLiveScannerSSE" name="test_sse_stream_returns_event_stream" time="0.038" /><testcase classname="backend.tests.test_live_scanner.TestLiveScannerSSE" name="test_sse_stream_sends_connected_event" time="0.031" /><testcase classname="backend.tests.test_live_scanner.TestLiveScannerIntegration" name="test_scanner_auto_starts_on_server" time="0.564" /><testcase classname="backend.tests.test_live_scanner.TestLiveScannerIntegration" name="test_full_scanner_workflow" time="0.195" /></testsuite></testsuites>