<?xml version="1.0" encoding="utf-8"?><testsuites name="pytest tests"><testsuite name="pytest" errors="0" failures="0" skipped="0" tests="25" time="255.693" timestamp="2026-03-12T18:45:07.770792+00:00" hostname="agent-env-68129b49-dbf1-4578-a8d7-9f6633994e77"><testcase classname="tests.test_new_dashboard_apis.TestDashboardDataAPI" name="test_dashboard_data_returns_200" time="29.450" /><testcase classname="tests.test_new_dashboard_apis.TestDashboardDataAPI" name="test_dashboard_data_structure" time="7.273" /><testcase classname="tests.test_new_dashboard_apis.TestDashboardDataAPI" name="test_dashboard_data_bot_status_structure" time="10.691" /><testcase classname="tests.test_new_dashboard_apis.TestDashboardDataAPI" name="test_dashboard_data_pnl_values_are_numeric" time="0.161" /><testcase classname="tests.test_new_dashboard_apis.TestDashboardDataAPI" name="test_dashboard_data_open_trades_is_list" time="7.662" /><testcase classname="tests.test_new_dashboard_apis.TestDashboardDataAPI" name="test_dashboard_data_open_trade_structure" time="0.144" /><testcase classname="tests.test_new_dashboard_apis.TestEquityCurveAPI" name="test_equity_curve_returns_200" time="10.975" /><testcase classname="tests.test_new_dashboard_apis.TestEquityCurveAPI" name="test_equity_curve_structure" time="0.144" /><testcase classname="tests.test_new_dashboard_apis.TestEquityCurveAPI" name="test_equity_curve_period_today" time="14.562" /><testcase classname="tests.test_new_dashboard_apis.TestEquityCurveAPI" name="test_equity_curve_period_week" time="0.197" /><testcase classname="tests.test_new_dashboard_apis.TestEquityCurveAPI" name="test_equity_curve_period_month" time="7.834" /><testcase classname="tests.test_new_dashboard_apis.TestEquityCurveAPI" name="test_equity_curve_period_ytd" time="0.142" /><testcase classname="tests.test_new_dashboard_apis.TestEquityCurveAPI" name="test_equity_curve_period_all" time="4.550" /><testcase classname="tests.test_new_dashboard_apis.TestEquityCurveAPI" name="test_equity_curve_summary_structure" time="0.116" /><testcase classname="tests.test_new_dashboard_apis.TestBotThoughtsAPI" name="test_thoughts_returns_200" time="13.567" /><testcase classname="tests.test_new_dashboard_apis.TestBotThoughtsAPI" name="test_thoughts_structure" time="0.153" /><testcase classname="tests.test_new_dashboard_apis.TestBotThoughtsAPI" name="test_thoughts_limit_parameter" time="23.436" /><testcase classname="tests.test_new_dashboard_apis.TestBotThoughtsAPI" name="test_thoughts_entry_structure" time="16.706" /><testcase classname="tests.test_new_dashboard_apis.TestBotThoughtsAPI" name="test_thoughts_action_types" time="0.157" /><testcase classname="tests.test_new_dashboard_apis.TestBotThoughtsAPI" name="test_thoughts_first_person_text" time="23.365" /><testcase classname="tests.test_new_dashboard_apis.TestExistingBotEndpoints" name="test_bot_status_endpoint" time="0.188" /><testcase classname="tests.test_new_dashboard_apis.TestExistingBotEndpoints" name="test_trades_open_endpoint" time="16.595" /><testcase classname="tests.test_new_dashboard_apis.TestExistingBotEndpoints" name="test_trades_closed_endpoint" time="0.145" /><testcase classname="tests.test_new_dashboard_apis.TestExistingBotEndpoints" name="test_stats_daily_endpoint" time="46.859" /><testcase classname="tests.test_new_dashboard_apis.TestExistingBotEndpoints" name="test_stats_performance_endpoint" time="20.527" /></testsuite></testsuites>