<?xml version="1.0" encoding="utf-8"?><testsuites name="pytest tests"><testsuite name="pytest" errors="0" failures="0" skipped="0" tests="14" time="0.981" timestamp="2026-01-22T18:32:47.115883+00:00" hostname="agent-env-ac434b63-659c-4718-afa3-d888131ccea0"><testcase classname="backend.tests.test_catalyst_and_templates.TestCatalystScoringAPI" name="test_score_guide_endpoint" time="0.058" /><testcase classname="backend.tests.test_catalyst_and_templates.TestCatalystScoringAPI" name="test_quick_score_positive_catalyst" time="0.039" /><testcase classname="backend.tests.test_catalyst_and_templates.TestCatalystScoringAPI" name="test_quick_score_negative_catalyst" time="0.037" /><testcase classname="backend.tests.test_catalyst_and_templates.TestCatalystScoringAPI" name="test_quick_score_neutral_catalyst" time="0.038" /><testcase classname="backend.tests.test_catalyst_and_templates.TestCatalystScoringAPI" name="test_quick_score_score_range" time="0.086" /><testcase classname="backend.tests.test_catalyst_and_templates.TestTradeTemplatesAPI" name="test_default_templates_endpoint" time="0.038" /><testcase classname="backend.tests.test_catalyst_and_templates.TestTradeTemplatesAPI" name="test_templates_list_endpoint" time="0.034" /><testcase classname="backend.tests.test_catalyst_and_templates.TestTradeTemplatesAPI" name="test_strategy_templates_structure" time="0.033" /><testcase classname="backend.tests.test_catalyst_and_templates.TestTradeTemplatesAPI" name="test_template_risk_reward_values" time="0.036" /><testcase classname="backend.tests.test_catalyst_and_templates.TestTradeCreationWithTemplate" name="test_create_trade_basic" time="0.087" /><testcase classname="backend.tests.test_catalyst_and_templates.TestTradeCreationWithTemplate" name="test_create_trade_from_template" time="0.091" /><testcase classname="backend.tests.test_catalyst_and_templates.TestCatalystHistoryAndRecent" name="test_recent_catalysts_endpoint" time="0.035" /><testcase classname="backend.tests.test_catalyst_and_templates.TestCatalystHistoryAndRecent" name="test_catalyst_history_endpoint" time="0.037" /><testcase classname="backend.tests.test_catalyst_and_templates.TestTradeJournalIntegration" name="test_full_trade_workflow_with_template" time="0.245" /></testsuite></testsuites>