<?xml version="1.0" encoding="utf-8"?><testsuites name="pytest tests"><testsuite name="pytest" errors="0" failures="0" skipped="0" tests="26" time="2.859" timestamp="2026-03-12T00:51:43.353998+00:00" hostname="agent-env-87c7017a-ca64-4d01-9a1e-6564a83f929b"><testcase classname="tests.test_regime_performance.TestRegimePerformanceService" name="test_service_initialization" time="0.002" /><testcase classname="tests.test_regime_performance.TestRegimePerformanceService" name="test_log_trade_success" time="0.003" /><testcase classname="tests.test_regime_performance.TestRegimePerformanceService" name="test_log_trade_losing_trade" time="0.002" /><testcase classname="tests.test_regime_performance.TestRegimePerformanceService" name="test_log_trade_with_r_multiple" time="0.002" /><testcase classname="tests.test_regime_performance.TestRegimePerformanceService" name="test_get_regime_summary_empty" time="0.002" /><testcase classname="tests.test_regime_performance.TestRegimePerformanceService" name="test_get_regime_summary_with_data" time="0.002" /><testcase classname="tests.test_regime_performance.TestRegimePerformanceService" name="test_get_strategy_regime_performance" time="0.002" /><testcase classname="tests.test_regime_performance.TestRegimePerformanceService" name="test_get_best_strategies_for_regime" time="0.002" /><testcase classname="tests.test_regime_performance.TestRegimePerformanceIntegration" name="test_trading_bot_logs_to_regime_service" time="0.007" /><testcase classname="tests.test_regime_performance.TestRegimePerformanceAPI" name="test_api_endpoints_respond" time="0.457" /><testcase classname="tests.test_regime_performance_api.TestRegimePerformanceEndpoints" name="test_summary_endpoint_returns_success" time="0.115" /><testcase classname="tests.test_regime_performance_api.TestRegimePerformanceEndpoints" name="test_strategies_endpoint_returns_success" time="0.129" /><testcase classname="tests.test_regime_performance_api.TestRegimePerformanceEndpoints" name="test_strategies_endpoint_with_filters" time="0.284" /><testcase classname="tests.test_regime_performance_api.TestRegimePerformanceEndpoints" name="test_best_for_regime_risk_on" time="0.141" /><testcase classname="tests.test_regime_performance_api.TestRegimePerformanceEndpoints" name="test_best_for_regime_caution" time="0.109" /><testcase classname="tests.test_regime_performance_api.TestRegimePerformanceEndpoints" name="test_best_for_regime_risk_off" time="0.124" /><testcase classname="tests.test_regime_performance_api.TestRegimePerformanceEndpoints" name="test_best_for_regime_confirmed_down" time="0.109" /><testcase classname="tests.test_regime_performance_api.TestRegimePerformanceEndpoints" name="test_best_for_regime_invalid_regime_returns_400" time="0.106" /><testcase classname="tests.test_regime_performance_api.TestRegimePerformanceEndpoints" name="test_best_for_regime_with_params" time="0.113" /><testcase classname="tests.test_regime_performance_api.TestRegimePerformanceEndpoints" name="test_position_sizing_impact_endpoint" time="0.143" /><testcase classname="tests.test_regime_performance_api.TestRegimePerformanceEndpoints" name="test_recommendations_endpoint" time="0.111" /><testcase classname="tests.test_regime_performance_api.TestMarketRegimeEndpoint" name="test_current_regime_endpoint" time="0.135" /><testcase classname="tests.test_regime_performance_api.TestMarketRegimeEndpoint" name="test_current_regime_trading_implications" time="0.117" /><testcase classname="tests.test_regime_performance_api.TestMarketRegimeEndpoint" name="test_current_regime_signal_blocks" time="0.220" /><testcase classname="tests.test_regime_performance_api.TestRegimePerformanceDataIntegrity" name="test_performance_data_structure" time="0.118" /><testcase classname="tests.test_regime_performance_api.TestRegimePerformanceDataIntegrity" name="test_summary_aggregates_correctly" time="0.118" /></testsuite></testsuites>