<?xml version="1.0" encoding="utf-8"?><testsuites name="pytest tests"><testsuite name="pytest" errors="0" failures="6" skipped="0" tests="24" time="360.366" timestamp="2026-03-26T17:50:31.718076+00:00" hostname="agent-env-833edb66-241f-4a34-96ed-22c417e2087b"><testcase classname="tests.test_p2p3_features.TestDataCoverageHeatmap" name="test_data_coverage_endpoint_returns_success" time="60.237"><failure message="AssertionError: Expected 200, got 502&#10;assert 502 == 200&#10; +  where 502 = &lt;Response [502]&gt;.status_code">tests/test_p2p3_features.py:27: in test_data_coverage_endpoint_returns_success
    assert response.status_code == 200, f"Expected 200, got {response.status_code}"
E   AssertionError: Expected 200, got 502
E   assert 502 == 200
E    +  where 502 = &lt;Response [502]&gt;.status_code</failure></testcase><testcase classname="tests.test_p2p3_features.TestDataCoverageHeatmap" name="test_data_coverage_has_by_tier" time="60.155"><failure message="assert 502 == 200&#10; +  where 502 = &lt;Response [502]&gt;.status_code">tests/test_p2p3_features.py:34: in test_data_coverage_has_by_tier
    assert response.status_code == 200
E   assert 502 == 200
E    +  where 502 = &lt;Response [502]&gt;.status_code</failure></testcase><testcase classname="tests.test_p2p3_features.TestDataCoverageHeatmap" name="test_data_coverage_tiers_have_timeframes" time="60.187"><failure message="assert 502 == 200&#10; +  where 502 = &lt;Response [502]&gt;.status_code">tests/test_p2p3_features.py:42: in test_data_coverage_tiers_have_timeframes
    assert response.status_code == 200
E   assert 502 == 200
E    +  where 502 = &lt;Response [502]&gt;.status_code</failure></testcase><testcase classname="tests.test_p2p3_features.TestDataCoverageHeatmap" name="test_data_coverage_has_expected_tiers" time="12.131" /><testcase classname="tests.test_p2p3_features.TestConfidenceGateEndpoints" name="test_confidence_gate_summary" time="0.130" /><testcase classname="tests.test_p2p3_features.TestConfidenceGateEndpoints" name="test_confidence_gate_decisions" time="0.108" /><testcase classname="tests.test_p2p3_features.TestConfidenceGateEndpoints" name="test_confidence_gate_evaluate" time="1.226" /><testcase classname="tests.test_p2p3_features.TestRegimeAndTrainingEndpoints" name="test_regime_live_endpoint" time="0.270" /><testcase classname="tests.test_p2p3_features.TestRegimeAndTrainingEndpoints" name="test_model_inventory_endpoint" time="0.165" /><testcase classname="tests.test_p2p3_features.TestRegimeAndTrainingEndpoints" name="test_training_status_endpoint" time="0.191" /><testcase classname="tests.test_p2p3_features.TestSmartFilterExtraction" name="test_smart_filter_file_exists" time="0.000" /><testcase classname="tests.test_p2p3_features.TestSmartFilterExtraction" name="test_smart_filter_has_class" time="0.110" /><testcase classname="tests.test_p2p3_features.TestSmartFilterExtraction" name="test_smart_filter_has_evaluate_method" time="0.000" /><testcase classname="tests.test_p2p3_features.TestSmartFilterExtraction" name="test_smart_filter_has_config" time="0.000" /><testcase classname="tests.test_p2p3_features.TestSmartFilterExtraction" name="test_smart_filter_evaluate_returns_action" time="0.000" /><testcase classname="tests.test_p2p3_features.TestSmartFilterExtraction" name="test_smart_filter_cold_start_bootstrap" time="0.000" /><testcase classname="tests.test_p2p3_features.TestWebSocketStreamRegistration" name="test_server_has_stream_confidence_gate" time="0.000" /><testcase classname="tests.test_p2p3_features.TestWebSocketStreamRegistration" name="test_server_has_stream_training_status" time="0.000" /><testcase classname="tests.test_p2p3_features.TestWebSocketStreamRegistration" name="test_server_has_stream_market_regime" time="0.000" /><testcase classname="tests.test_p2p3_features.TestWebSocketStreamRegistration" name="test_startup_registers_new_streams" time="0.000" /><testcase classname="tests.test_p2p3_features.TestWebSocketStreamRegistration" name="test_startup_log_mentions_new_streams" time="0.001" /><testcase classname="tests.test_p2p3_features.TestNIAPanelEndpoints" name="test_ib_collector_stats" time="60.207"><failure message="AssertionError: Expected 200, got 502&#10;assert 502 == 200&#10; +  where 502 = &lt;Response [502]&gt;.status_code">tests/test_p2p3_features.py:255: in test_ib_collector_stats
    assert response.status_code == 200, f"Expected 200, got {response.status_code}"
E   AssertionError: Expected 200, got 502
E   assert 502 == 200
E    +  where 502 = &lt;Response [502]&gt;.status_code</failure></testcase><testcase classname="tests.test_p2p3_features.TestNIAPanelEndpoints" name="test_ib_collector_queue_progress" time="60.167"><failure message="AssertionError: Expected 200, got 502&#10;assert 502 == 200&#10; +  where 502 = &lt;Response [502]&gt;.status_code">tests/test_p2p3_features.py:262: in test_ib_collector_queue_progress
    assert response.status_code == 200, f"Expected 200, got {response.status_code}"
E   AssertionError: Expected 200, got 502
E   assert 502 == 200
E    +  where 502 = &lt;Response [502]&gt;.status_code</failure></testcase><testcase classname="tests.test_p2p3_features.TestNIAPanelEndpoints" name="test_simulation_jobs" time="44.983"><failure message="AssertionError: Expected 200, got 404&#10;assert 404 == 200&#10; +  where 404 = &lt;Response [404]&gt;.status_code">tests/test_p2p3_features.py:269: in test_simulation_jobs
    assert response.status_code == 200, f"Expected 200, got {response.status_code}"
E   AssertionError: Expected 200, got 404
E   assert 404 == 200
E    +  where 404 = &lt;Response [404]&gt;.status_code</failure></testcase></testsuite></testsuites>