<?xml version="1.0" encoding="utf-8"?><testsuites name="pytest tests"><testsuite name="pytest" errors="0" failures="0" skipped="0" tests="7" time="6.418" timestamp="2026-03-11T02:22:50.585440+00:00" hostname="agent-env-d4d0e098-5ff2-4133-83ea-293126ef1a1c"><testcase classname="tests.test_trading_dashboard_apis.TestTradingDashboardAPIs" name="test_order_queue_status_returns_success" time="5.486" /><testcase classname="tests.test_trading_dashboard_apis.TestTradingDashboardAPIs" name="test_trading_bot_status_returns_success" time="0.187" /><testcase classname="tests.test_trading_dashboard_apis.TestTradingDashboardAPIs" name="test_trading_bot_daily_stats_structure" time="0.126" /><testcase classname="tests.test_trading_dashboard_apis.TestTradingDashboardAPIs" name="test_ib_pushed_data_returns_success" time="0.114" /><testcase classname="tests.test_trading_dashboard_apis.TestTradingDashboardAPIs" name="test_ib_status_endpoint" time="0.172" /><testcase classname="tests.test_trading_dashboard_apis.TestTradingDashboardAPIs" name="test_risk_params_structure" time="0.161" /><testcase classname="tests.test_trading_dashboard_apis.TestTradingDashboardAPIs" name="test_strategy_configs_present" time="0.111" /></testsuite></testsuites>