<?xml version="1.0" encoding="utf-8"?><testsuites name="pytest tests"><testsuite name="pytest" errors="0" failures="0" skipped="0" tests="13" time="9.296" timestamp="2026-03-15T02:19:46.302877+00:00" hostname="agent-env-887acd4b-b3c3-4bf2-ba28-81173c84604d"><testcase classname="backend.tests.test_prediction_tracking.TestPredictionAccuracyEndpoint" name="test_prediction_accuracy_returns_200" time="6.843" /><testcase classname="backend.tests.test_prediction_tracking.TestPredictionAccuracyEndpoint" name="test_prediction_accuracy_returns_expected_structure" time="0.141" /><testcase classname="backend.tests.test_prediction_tracking.TestPredictionAccuracyEndpoint" name="test_prediction_accuracy_with_custom_days" time="0.497" /><testcase classname="backend.tests.test_prediction_tracking.TestRecentPredictionsEndpoint" name="test_recent_predictions_returns_200" time="0.104" /><testcase classname="backend.tests.test_prediction_tracking.TestRecentPredictionsEndpoint" name="test_recent_predictions_returns_expected_structure" time="0.106" /><testcase classname="backend.tests.test_prediction_tracking.TestRecentPredictionsEndpoint" name="test_predictions_have_new_schema_fields" time="0.119" /><testcase classname="backend.tests.test_prediction_tracking.TestRecentPredictionsEndpoint" name="test_predictions_have_outcome_fields" time="0.115" /><testcase classname="backend.tests.test_prediction_tracking.TestRecentPredictionsEndpoint" name="test_predictions_limit_parameter" time="0.394" /><testcase classname="backend.tests.test_prediction_tracking.TestRecentPredictionsEndpoint" name="test_predictions_verified_only_filter" time="0.101" /><testcase classname="backend.tests.test_prediction_tracking.TestVerifyPredictionsEndpoint" name="test_verify_predictions_returns_200" time="0.096" /><testcase classname="backend.tests.test_prediction_tracking.TestVerifyPredictionsEndpoint" name="test_verify_predictions_returns_expected_structure" time="0.138" /><testcase classname="backend.tests.test_prediction_tracking.TestPredictionIntegration" name="test_forecast_creates_prediction_with_tracking_fields" time="0.236" /><testcase classname="backend.tests.test_prediction_tracking.TestPredictionIntegration" name="test_full_prediction_tracking_flow" time="0.332" /></testsuite></testsuites>