<?xml version="1.0" encoding="utf-8"?><testsuites name="pytest tests"><testsuite name="pytest" errors="0" failures="1" skipped="0" tests="9" time="13.736" timestamp="2026-03-25T05:49:06.644459+00:00" hostname="agent-env-89562674-e146-455c-8ac2-ed473b277245"><testcase classname="tests.test_websocket_training_commands.TestWebSocketTrainingCommands" name="test_websocket_connection" time="10.016"><failure message="TimeoutError: timed out during handshake">tests/test_websocket_training_commands.py:40: in test_websocket_connection
    async with websockets.connect(ws_url, ping_interval=None, ping_timeout=None) as ws:
/root/.venv/lib/python3.11/site-packages/websockets/asyncio/client.py:487: in __aenter__
    return await self
           ^^^^^^^^^^
/root/.venv/lib/python3.11/site-packages/websockets/asyncio/client.py:478: in __await_impl__
    raise TimeoutError("timed out during handshake") from None
E   TimeoutError: timed out during handshake</failure></testcase><testcase classname="tests.test_websocket_training_commands.TestWebSocketTrainingCommands" name="test_ping_action" time="2.306" /><testcase classname="tests.test_websocket_training_commands.TestWebSocketTrainingCommands" name="test_subscribe_action" time="0.227" /><testcase classname="tests.test_websocket_training_commands.TestWebSocketTrainingCommands" name="test_train_setup_action" time="0.233" /><testcase classname="tests.test_websocket_training_commands.TestWebSocketTrainingCommands" name="test_train_setup_all_action" time="0.211" /><testcase classname="tests.test_websocket_training_commands.TestWebSocketTrainingCommands" name="test_train_general_action_single" time="0.217" /><testcase classname="tests.test_websocket_training_commands.TestWebSocketTrainingCommands" name="test_train_general_action_train_all" time="0.206" /><testcase classname="tests.test_websocket_training_commands.TestWebSocketTrainingCommands" name="test_websocket_url_includes_api_ws_quotes" time="0.001" /><testcase classname="tests.test_websocket_training_commands.TestWebSocketTrainingCommands" name="test_multiple_commands_in_sequence" time="0.276" /></testsuite></testsuites>