<?xml version="1.0" encoding="utf-8"?><testsuites name="pytest tests"><testsuite name="pytest" errors="0" failures="0" skipped="0" tests="15" time="28.063" timestamp="2026-03-24T21:49:02.321965+00:00" hostname="agent-env-19f88001-6333-4f27-bde1-14651a66bb90"><testcase classname="tests.test_ai_comparison_backtest.TestAIComparisonStatus" name="test_ai_comparison_status_returns_json" time="0.127" /><testcase classname="tests.test_ai_comparison_backtest.TestAIComparisonBacktest" name="test_ai_comparison_backtest_sync" time="25.408" /><testcase classname="tests.test_ai_comparison_backtest.TestAIComparisonBacktest" name="test_ai_comparison_backtest_background" time="0.219" /><testcase classname="tests.test_ai_comparison_backtest.TestMarketScannerPrefixChange" name="test_market_scanner_symbols_endpoint" time="0.138" /><testcase classname="tests.test_ai_comparison_backtest.TestMarketScannerPrefixChange" name="test_market_scanner_status_endpoint" time="0.109" /><testcase classname="tests.test_ai_comparison_backtest.TestExistingBacktestEndpoints" name="test_backtest_jobs_endpoint" time="0.139" /><testcase classname="tests.test_ai_comparison_backtest.TestExistingBacktestEndpoints" name="test_backtest_strategies_endpoint" time="0.139" /><testcase classname="tests.test_ai_comparison_backtest.TestExistingBacktestEndpoints" name="test_backtest_strategy_templates_endpoint" time="0.106" /><testcase classname="tests.test_ai_comparison_backtest.TestExistingAPIEndpoints" name="test_startup_check_endpoint" time="0.111" /><testcase classname="tests.test_ai_comparison_backtest.TestExistingAPIEndpoints" name="test_watchlist_endpoint" time="0.123" /><testcase classname="tests.test_ai_comparison_backtest.TestExistingAPIEndpoints" name="test_alerts_endpoint" time="0.139" /><testcase classname="tests.test_ai_comparison_backtest.TestExistingAPIEndpoints" name="test_portfolio_endpoint" time="0.341" /><testcase classname="tests.test_ai_comparison_backtest.TestExistingAPIEndpoints" name="test_simulation_jobs_endpoint" time="0.149" /><testcase classname="tests.test_ai_comparison_backtest.TestExistingAPIEndpoints" name="test_ai_modules_status_endpoint" time="0.181" /><testcase classname="tests.test_ai_comparison_backtest.TestConcurrentAPIPerformance" name="test_concurrent_requests_complete_under_2s" time="0.609" /></testsuite></testsuites>