<?xml version="1.0" encoding="utf-8"?><testsuites name="pytest tests"><testsuite name="pytest" errors="0" failures="0" skipped="0" tests="28" time="37.018" timestamp="2026-03-11T19:17:43.899253+00:00" hostname="agent-env-9aaad0a7-8293-45ad-b1fa-faceb7a00504"><testcase classname="tests.test_tqs_timeframe_weights.TestTQSStyleWeightsDict" name="test_style_weights_has_5_profiles" time="0.126" /><testcase classname="tests.test_tqs_timeframe_weights.TestTQSStyleWeightsDict" name="test_scalp_move_2_move_weights" time="0.000" /><testcase classname="tests.test_tqs_timeframe_weights.TestTQSStyleWeightsDict" name="test_investment_weights" time="0.000" /><testcase classname="tests.test_tqs_timeframe_weights.TestTQSStyleWeightsDict" name="test_all_styles_sum_to_100_percent" time="0.000" /><testcase classname="tests.test_tqs_timeframe_weights.TestTQSResultFields" name="test_tqs_result_has_trade_style_field" time="0.000" /><testcase classname="tests.test_tqs_timeframe_weights.TestTQSResultFields" name="test_tqs_result_has_trade_timeframe_field" time="0.000" /><testcase classname="tests.test_tqs_timeframe_weights.TestTQSResultFields" name="test_tqs_result_has_weights_used_field" time="0.000" /><testcase classname="tests.test_tqs_timeframe_weights.TestTQSResultFields" name="test_tqs_result_to_dict_includes_new_fields" time="0.000" /><testcase classname="tests.test_tqs_timeframe_weights.TestLiveAlertTQSFields" name="test_live_alert_has_tqs_score_field" time="0.006" /><testcase classname="tests.test_tqs_timeframe_weights.TestLiveAlertTQSFields" name="test_live_alert_has_tqs_grade_field" time="0.000" /><testcase classname="tests.test_tqs_timeframe_weights.TestLiveAlertTQSFields" name="test_live_alert_has_tqs_action_field" time="0.000" /><testcase classname="tests.test_tqs_timeframe_weights.TestLiveAlertTQSFields" name="test_live_alert_has_tqs_is_high_quality_field" time="0.000" /><testcase classname="tests.test_tqs_timeframe_weights.TestLiveAlertTQSFields" name="test_live_alert_tqs_fields_defaults" time="0.000" /><testcase classname="tests.test_tqs_timeframe_weights.TestEnhancedScannerTQSMethod" name="test_enrich_alert_with_tqs_method_exists" time="0.000" /><testcase classname="tests.test_tqs_timeframe_weights.TestEnhancedScannerTQSMethod" name="test_enrich_alert_with_tqs_is_async" time="0.000" /><testcase classname="tests.test_tqs_timeframe_weights.TestTQSStyleWeightExplanation" name="test_get_style_weight_explanation_exists" time="0.000" /><testcase classname="tests.test_tqs_timeframe_weights.TestTQSStyleWeightExplanation" name="test_explanation_returns_timeframe" time="0.000" /><testcase classname="tests.test_tqs_timeframe_weights.TestTQSStyleWeightExplanation" name="test_explanation_returns_rationale" time="0.000" /><testcase classname="tests.test_tqs_timeframe_weights.TestTQSStyleWeightExplanation" name="test_explanation_for_all_styles" time="0.000" /><testcase classname="tests.test_tqs_timeframe_weights.TestTQSHelperMethods" name="test_infer_trade_style_method_exists" time="0.000" /><testcase classname="tests.test_tqs_timeframe_weights.TestTQSHelperMethods" name="test_get_weights_for_style_method_exists" time="0.000" /><testcase classname="tests.test_tqs_timeframe_weights.TestTQSHelperMethods" name="test_get_weights_returns_correct_style" time="0.000" /><testcase classname="tests.test_tqs_timeframe_weights.TestTQSHelperMethods" name="test_get_weights_handles_unknown_style" time="0.000" /><testcase classname="tests.test_tqs_timeframe_weights.TestTQSAPIEndpoint" name="test_tqs_score_endpoint_accepts_trade_style" time="3.510" /><testcase classname="tests.test_tqs_timeframe_weights.TestTQSAPIEndpoint" name="test_tqs_score_endpoint_returns_timeframe" time="29.431" /><testcase classname="tests.test_tqs_timeframe_weights.TestTQSAPIEndpoint" name="test_tqs_score_endpoint_returns_weights_used" time="3.883" /><testcase classname="tests.test_tqs_timeframe_weights.TestTQSWeightDifferences" name="test_scalp_vs_investment_weight_priorities" time="0.000" /><testcase classname="tests.test_tqs_timeframe_weights.TestTQSWeightDifferences" name="test_fundamental_weight_varies_by_style" time="0.000" /></testsuite></testsuites>