<?xml version="1.0" encoding="utf-8"?><testsuites name="pytest tests"><testsuite name="pytest" errors="0" failures="0" skipped="0" tests="19" time="31.728" timestamp="2026-02-10T16:13:04.466166+00:00" hostname="agent-env-f1d4a866-2ffb-4cf1-a55a-3c21436aa9df"><testcase classname="backend.tests.test_market_intel.TestMarketIntelSchedule" name="test_schedule_returns_200" time="0.073" /><testcase classname="backend.tests.test_market_intel.TestMarketIntelSchedule" name="test_schedule_returns_5_report_types" time="0.037" /><testcase classname="backend.tests.test_market_intel.TestMarketIntelSchedule" name="test_schedule_has_correct_report_types" time="0.040" /><testcase classname="backend.tests.test_market_intel.TestMarketIntelSchedule" name="test_schedule_has_correct_times" time="0.043" /><testcase classname="backend.tests.test_market_intel.TestMarketIntelSchedule" name="test_schedule_items_have_required_fields" time="0.040" /><testcase classname="backend.tests.test_market_intel.TestMarketIntelCurrent" name="test_current_returns_200" time="0.042" /><testcase classname="backend.tests.test_market_intel.TestMarketIntelCurrent" name="test_current_has_report_flag" time="0.041" /><testcase classname="backend.tests.test_market_intel.TestMarketIntelCurrent" name="test_current_returns_report_if_available" time="0.046" /><testcase classname="backend.tests.test_market_intel.TestMarketIntelReports" name="test_reports_returns_200" time="0.049" /><testcase classname="backend.tests.test_market_intel.TestMarketIntelReports" name="test_reports_has_count" time="0.040" /><testcase classname="backend.tests.test_market_intel.TestMarketIntelReports" name="test_reports_list_structure" time="0.041" /><testcase classname="backend.tests.test_market_intel.TestMarketIntelReports" name="test_report_objects_have_required_fields" time="0.044" /><testcase classname="backend.tests.test_market_intel.TestMarketIntelGenerate" name="test_generate_invalid_type_returns_400" time="0.041" /><testcase classname="backend.tests.test_market_intel.TestMarketIntelGenerate" name="test_generate_premarket_returns_success" time="0.038" /><testcase classname="backend.tests.test_market_intel.TestMarketIntelGenerate" name="test_generate_early_market_returns_success" time="0.045" /><testcase classname="backend.tests.test_market_intel.TestMarketIntelGenerate" name="test_generate_report_has_ai_content" time="0.038" /><testcase classname="backend.tests.test_market_intel.TestMarketIntelGenerate" name="test_generate_valid_types_list" time="18.036" /><testcase classname="backend.tests.test_market_intel.TestMarketIntelIntegration" name="test_generate_then_verify_in_reports" time="12.857" /><testcase classname="backend.tests.test_market_intel.TestMarketIntelIntegration" name="test_current_returns_most_recent_applicable" time="0.074" /></testsuite></testsuites>