<?xml version="1.0" encoding="utf-8"?><testsuites name="pytest tests"><testsuite name="pytest" errors="0" failures="1" skipped="0" tests="24" time="535.646" timestamp="2026-02-09T20:18:50.446375+00:00" hostname="agent-env-48e98a45-448f-46db-8077-264294f95c23"><testcase classname="tests.test_learning_loop.TestSimulateClosedTrade" name="test_simulate_closed_returns_200" time="472.250" /><testcase classname="tests.test_learning_loop.TestSimulateClosedTrade" name="test_simulate_closed_returns_trade_data" time="0.228" /><testcase classname="tests.test_learning_loop.TestSimulateClosedTrade" name="test_simulate_closed_records_to_strategy_performance" time="0.580" /><testcase classname="tests.test_learning_loop.TestStrategyStats" name="test_strategy_stats_returns_200" time="0.035" /><testcase classname="tests.test_learning_loop.TestStrategyStats" name="test_strategy_stats_has_correct_structure" time="0.931" /><testcase classname="tests.test_learning_loop.TestStrategyStats" name="test_strategy_stats_win_rate_calculation" time="0.036" /><testcase classname="tests.test_learning_loop.TestAIAnalysis" name="test_analyze_returns_200" time="11.161" /><testcase classname="tests.test_learning_loop.TestAIAnalysis" name="test_analyze_returns_analysis_structure" time="18.383"><failure message="requests.exceptions.JSONDecodeError: Expecting value: line 1 column 1 (char 0)">/root/.venv/lib/python3.11/site-packages/requests/models.py:976: in json
    return complexjson.loads(self.text, **kwargs)
           ^^^^^^^^^^^^^^^^^^^^^^^^^^^^^^^^^^^^^^
/usr/local/lib/python3.11/json/__init__.py:346: in loads
    return _default_decoder.decode(s)
           ^^^^^^^^^^^^^^^^^^^^^^^^^^
/usr/local/lib/python3.11/json/decoder.py:337: in decode
    obj, end = self.raw_decode(s, idx=_w(s, 0).end())
               ^^^^^^^^^^^^^^^^^^^^^^^^^^^^^^^^^^^^^^
/usr/local/lib/python3.11/json/decoder.py:355: in raw_decode
    raise JSONDecodeError("Expecting value", s, err.value) from None
E   json.decoder.JSONDecodeError: Expecting value: line 1 column 1 (char 0)

During handling of the above exception, another exception occurred:
tests/test_learning_loop.py:137: in test_analyze_returns_analysis_structure
    data = response.json()
           ^^^^^^^^^^^^^^^
/root/.venv/lib/python3.11/site-packages/requests/models.py:980: in json
    raise RequestsJSONDecodeError(e.msg, e.doc, e.pos)
E   requests.exceptions.JSONDecodeError: Expecting value: line 1 column 1 (char 0)</failure></testcase><testcase classname="tests.test_learning_loop.TestAIAnalysis" name="test_analyze_returns_recommendations" time="14.416" /><testcase classname="tests.test_learning_loop.TestRecommendations" name="test_recommendations_returns_200" time="0.067" /><testcase classname="tests.test_learning_loop.TestRecommendations" name="test_recommendations_structure" time="0.039" /><testcase classname="tests.test_learning_loop.TestApplyDismissRecommendation" name="test_apply_nonexistent_recommendation_returns_error" time="0.038" /><testcase classname="tests.test_learning_loop.TestApplyDismissRecommendation" name="test_dismiss_recommendation_works" time="0.074" /><testcase classname="tests.test_learning_loop.TestApplyDismissRecommendation" name="test_invalid_action_returns_error" time="0.033" /><testcase classname="tests.test_learning_loop.TestTuningHistory" name="test_tuning_history_returns_200" time="0.038" /><testcase classname="tests.test_learning_loop.TestTuningHistory" name="test_tuning_history_structure" time="0.040" /><testcase classname="tests.test_learning_loop.TestTuningHistory" name="test_tuning_history_respects_limit" time="0.040" /><testcase classname="tests.test_learning_loop.TestEndToEndLearningLoop" name="test_complete_learning_loop_flow" time="0.722" /><testcase classname="tests.test_learning_loop.TestEndToEndLearningLoop" name="test_heuristic_recommendation_generation" time="15.523" /><testcase classname="tests.test_learning_loop.TestIntegrationWithTradingBot" name="test_demo_trade_records_to_performance" time="0.696" /><testcase classname="tests.test_learning_loop.TestIntegrationWithTradingBot" name="test_strategy_configs_accessible_for_tuning" time="0.042" /><testcase classname="tests.test_learning_loop.TestHealthAndConnectivity" name="test_health_endpoint" time="0.037" /><testcase classname="tests.test_learning_loop.TestHealthAndConnectivity" name="test_learning_dashboard_router_accessible" time="0.039" /><testcase classname="tests.test_learning_loop.TestHealthAndConnectivity" name="test_trading_bot_router_accessible" time="0.072" /></testsuite></testsuites>