<?xml version="1.0" encoding="utf-8"?><testsuites name="pytest tests"><testsuite name="pytest" errors="0" failures="1" skipped="0" tests="8" time="158.545" timestamp="2026-03-13T18:42:35.512466+00:00" hostname="agent-env-a3a4b64a-3a78-4c5a-848f-04c1ec7ec16f"><testcase classname="backend.tests.test_smart_filter_stop_fix.TestSmartFilterConfig" name="test_get_smart_filter_config" time="60.212"><failure message="assert 502 == 200&#10; +  where 502 = &lt;Response [502]&gt;.status_code">backend/tests/test_smart_filter_stop_fix.py:31: in test_get_smart_filter_config
    assert response.status_code == 200
E   assert 502 == 200
E    +  where 502 = &lt;Response [502]&gt;.status_code</failure></testcase><testcase classname="backend.tests.test_smart_filter_stop_fix.TestSmartFilterConfig" name="test_update_smart_filter_config" time="47.684" /><testcase classname="backend.tests.test_smart_filter_stop_fix.TestSmartFilterThoughts" name="test_get_filter_thoughts" time="3.259" /><testcase classname="backend.tests.test_smart_filter_stop_fix.TestStrategyStats" name="test_get_strategy_stats_specific" time="34.194" /><testcase classname="backend.tests.test_smart_filter_stop_fix.TestStrategyStats" name="test_get_all_strategy_stats" time="0.174" /><testcase classname="backend.tests.test_smart_filter_stop_fix.TestFixAllRiskyStops" name="test_fix_all_risky_stops" time="8.213" /><testcase classname="backend.tests.test_smart_filter_stop_fix.TestBotThoughtsFilterIntegration" name="test_thoughts_include_filter_actions" time="0.163" /><testcase classname="backend.tests.test_smart_filter_stop_fix.TestAuditStopsEndpoint" name="test_audit_position_stops" time="4.495" /></testsuite></testsuites>