<?xml version="1.0" encoding="utf-8"?><testsuites name="pytest tests"><testsuite name="pytest" errors="0" failures="0" skipped="0" tests="13" time="7.707" timestamp="2026-03-05T14:00:58.963914+00:00" hostname="agent-env-8108fdc5-cd8f-4c25-97c4-772a52f288b0"><testcase classname="backend.tests.test_ib_pusher_integration.TestIBStatusEndpoint" name="test_ib_status_returns_200" time="6.056" /><testcase classname="backend.tests.test_ib_pusher_integration.TestIBStatusEndpoint" name="test_ib_status_has_pusher_object" time="0.179" /><testcase classname="backend.tests.test_ib_pusher_integration.TestIBStatusEndpoint" name="test_ib_status_has_connection_source" time="0.157" /><testcase classname="backend.tests.test_ib_pusher_integration.TestIBStatusEndpoint" name="test_ib_status_has_is_busy_field" time="0.194" /><testcase classname="backend.tests.test_ib_pusher_integration.TestIBStatusEndpoint" name="test_ib_status_connection_logic" time="0.120" /><testcase classname="backend.tests.test_ib_pusher_integration.TestPusherSetupEndpoint" name="test_pusher_setup_returns_200" time="0.138" /><testcase classname="backend.tests.test_ib_pusher_integration.TestPusherSetupEndpoint" name="test_pusher_setup_has_cloud_url" time="0.112" /><testcase classname="backend.tests.test_ib_pusher_integration.TestPusherSetupEndpoint" name="test_pusher_setup_has_push_endpoint" time="0.113" /><testcase classname="backend.tests.test_ib_pusher_integration.TestPusherSetupEndpoint" name="test_pusher_setup_has_setup_steps" time="0.116" /><testcase classname="backend.tests.test_ib_pusher_integration.TestPusherSetupEndpoint" name="test_pusher_setup_has_current_status" time="0.098" /><testcase classname="backend.tests.test_ib_pusher_integration.TestPusherSetupEndpoint" name="test_pusher_setup_has_script_info" time="0.129" /><testcase classname="backend.tests.test_ib_pusher_integration.TestPushedDataEndpoint" name="test_pushed_data_returns_200" time="0.109" /><testcase classname="backend.tests.test_ib_pusher_integration.TestPushedDataEndpoint" name="test_pushed_data_structure" time="0.113" /></testsuite></testsuites>