<?xml version="1.0" encoding="utf-8"?><testsuites name="pytest tests"><testsuite name="pytest" errors="0" failures="0" skipped="1" tests="11" time="15.577" timestamp="2026-03-25T19:21:19.059703+00:00" hostname="agent-env-b5cf7f26-d4be-4e2f-922f-c277be591bf7"><testcase classname="tests.test_validation_pipeline.TestValidationEndpoints" name="test_validation_latest_returns_success" time="12.881" /><testcase classname="tests.test_validation_pipeline.TestValidationEndpoints" name="test_validation_history_returns_success" time="0.159" /><testcase classname="tests.test_validation_pipeline.TestValidationEndpoints" name="test_validation_batch_history_returns_success" time="0.164" /><testcase classname="tests.test_validation_pipeline.TestValidationEndpoints" name="test_validation_baselines_returns_success" time="0.194" /><testcase classname="tests.test_validation_pipeline.TestSetupModelsStatus" name="test_setups_status_returns_10_types" time="0.154" /><testcase classname="tests.test_validation_pipeline.TestSetupModelsStatus" name="test_setups_status_has_training_info" time="0.106" /><testcase classname="tests.test_validation_pipeline.TestPostTrainingValidator" name="test_validator_imports_correctly" time="1.754" /><testcase classname="tests.test_validation_pipeline.TestPostTrainingValidator" name="test_promotion_decision_no_baseline" time="0.000" /><testcase classname="tests.test_validation_pipeline.TestPostTrainingValidator" name="test_promotion_decision_extreme_risk_rejects" time="0.000" /><testcase classname="tests.test_validation_pipeline.TestPostTrainingValidator" name="test_promotion_decision_low_win_rate_rejects" time="0.000" /><testcase classname="tests.test_validation_pipeline.TestValidationRecordStructure" name="test_validation_record_has_phases" time="0.127"><skipped type="pytest.skip" message="No validation records exist yet - models not trained">/app/backend/tests/test_validation_pipeline.py:267: No validation records exist yet - models not trained</skipped></testcase></testsuite></testsuites>