<?xml version="1.0" encoding="utf-8"?><testsuites name="pytest tests"><testsuite name="pytest" errors="0" failures="3" skipped="0" tests="18" time="87.883" timestamp="2026-03-30T14:40:55.339480+00:00" hostname="agent-env-096198f2-9c72-45b4-825d-6106c0fa7fb8"><testcase classname="tests.test_trade_journal_ai_integration.TestTradeJournalAIIntegration" name="test_get_trades_returns_list" time="30.033"><failure message="requests.exceptions.ReadTimeout: HTTPConnectionPool(host='127.0.0.1', port=8001): Read timed out. (read timeout=30)">/root/.venv/lib/python3.11/site-packages/urllib3/connectionpool.py:534: in _make_request
    response = conn.getresponse()
               ^^^^^^^^^^^^^^^^^^
/root/.venv/lib/python3.11/site-packages/urllib3/connection.py:571: in getresponse
    httplib_response = super().getresponse()
                       ^^^^^^^^^^^^^^^^^^^^^
/usr/local/lib/python3.11/http/client.py:1415: in getresponse
    response.begin()
/usr/local/lib/python3.11/http/client.py:330: in begin
    version, status, reason = self._read_status()
                              ^^^^^^^^^^^^^^^^^^^
/usr/local/lib/python3.11/http/client.py:291: in _read_status
    line = str(self.fp.readline(_MAXLINE + 1), "iso-8859-1")
               ^^^^^^^^^^^^^^^^^^^^^^^^^^^^^^
/usr/local/lib/python3.11/socket.py:718: in readinto
    return self._sock.recv_into(b)
           ^^^^^^^^^^^^^^^^^^^^^^^
E   TimeoutError: timed out

The above exception was the direct cause of the following exception:
/root/.venv/lib/python3.11/site-packages/requests/adapters.py:644: in send
    resp = conn.urlopen(
/root/.venv/lib/python3.11/site-packages/urllib3/connectionpool.py:841: in urlopen
    retries = retries.increment(
/root/.venv/lib/python3.11/site-packages/urllib3/util/retry.py:490: in increment
    raise reraise(type(error), error, _stacktrace)
          ^^^^^^^^^^^^^^^^^^^^^^^^^^^^^^^^^^^^^^^^
/root/.venv/lib/python3.11/site-packages/urllib3/util/util.py:39: in reraise
    raise value
/root/.venv/lib/python3.11/site-packages/urllib3/connectionpool.py:787: in urlopen
    response = self._make_request(
/root/.venv/lib/python3.11/site-packages/urllib3/connectionpool.py:536: in _make_request
    self._raise_timeout(err=e, url=url, timeout_value=read_timeout)
/root/.venv/lib/python3.11/site-packages/urllib3/connectionpool.py:367: in _raise_timeout
    raise ReadTimeoutError(
E   urllib3.exceptions.ReadTimeoutError: HTTPConnectionPool(host='127.0.0.1', port=8001): Read timed out. (read timeout=30)

During handling of the above exception, another exception occurred:
tests/test_trade_journal_ai_integration.py:44: in test_get_trades_returns_list
    response = self.session.get(f"{BASE_URL}/api/trades", timeout=30)
               ^^^^^^^^^^^^^^^^^^^^^^^^^^^^^^^^^^^^^^^^^^^^^^^^^^^^^^
/root/.venv/lib/python3.11/site-packages/requests/sessions.py:602: in get
    return self.request("GET", url, **kwargs)
           ^^^^^^^^^^^^^^^^^^^^^^^^^^^^^^^^^^
/root/.venv/lib/python3.11/site-packages/requests/sessions.py:589: in request
    resp = self.send(prep, **send_kwargs)
           ^^^^^^^^^^^^^^^^^^^^^^^^^^^^^^
/root/.venv/lib/python3.11/site-packages/requests/sessions.py:703: in send
    r = adapter.send(request, **kwargs)
        ^^^^^^^^^^^^^^^^^^^^^^^^^^^^^^^
/root/.venv/lib/python3.11/site-packages/requests/adapters.py:690: in send
    raise ReadTimeout(e, request=request)
E   requests.exceptions.ReadTimeout: HTTPConnectionPool(host='127.0.0.1', port=8001): Read timed out. (read timeout=30)</failure></testcase><testcase classname="tests.test_trade_journal_ai_integration.TestTradeJournalAIIntegration" name="test_get_trades_has_ai_context_field" time="30.031"><failure message="requests.exceptions.ReadTimeout: HTTPConnectionPool(host='127.0.0.1', port=8001): Read timed out. (read timeout=30)">/root/.venv/lib/python3.11/site-packages/urllib3/connectionpool.py:534: in _make_request
    response = conn.getresponse()
               ^^^^^^^^^^^^^^^^^^
/root/.venv/lib/python3.11/site-packages/urllib3/connection.py:571: in getresponse
    httplib_response = super().getresponse()
                       ^^^^^^^^^^^^^^^^^^^^^
/usr/local/lib/python3.11/http/client.py:1415: in getresponse
    response.begin()
/usr/local/lib/python3.11/http/client.py:330: in begin
    version, status, reason = self._read_status()
                              ^^^^^^^^^^^^^^^^^^^
/usr/local/lib/python3.11/http/client.py:291: in _read_status
    line = str(self.fp.readline(_MAXLINE + 1), "iso-8859-1")
               ^^^^^^^^^^^^^^^^^^^^^^^^^^^^^^
/usr/local/lib/python3.11/socket.py:718: in readinto
    return self._sock.recv_into(b)
           ^^^^^^^^^^^^^^^^^^^^^^^
E   TimeoutError: timed out

The above exception was the direct cause of the following exception:
/root/.venv/lib/python3.11/site-packages/requests/adapters.py:644: in send
    resp = conn.urlopen(
/root/.venv/lib/python3.11/site-packages/urllib3/connectionpool.py:841: in urlopen
    retries = retries.increment(
/root/.venv/lib/python3.11/site-packages/urllib3/util/retry.py:490: in increment
    raise reraise(type(error), error, _stacktrace)
          ^^^^^^^^^^^^^^^^^^^^^^^^^^^^^^^^^^^^^^^^
/root/.venv/lib/python3.11/site-packages/urllib3/util/util.py:39: in reraise
    raise value
/root/.venv/lib/python3.11/site-packages/urllib3/connectionpool.py:787: in urlopen
    response = self._make_request(
/root/.venv/lib/python3.11/site-packages/urllib3/connectionpool.py:536: in _make_request
    self._raise_timeout(err=e, url=url, timeout_value=read_timeout)
/root/.venv/lib/python3.11/site-packages/urllib3/connectionpool.py:367: in _raise_timeout
    raise ReadTimeoutError(
E   urllib3.exceptions.ReadTimeoutError: HTTPConnectionPool(host='127.0.0.1', port=8001): Read timed out. (read timeout=30)

During handling of the above exception, another exception occurred:
tests/test_trade_journal_ai_integration.py:55: in test_get_trades_has_ai_context_field
    response = self.session.get(f"{BASE_URL}/api/trades", timeout=30)
               ^^^^^^^^^^^^^^^^^^^^^^^^^^^^^^^^^^^^^^^^^^^^^^^^^^^^^^
/root/.venv/lib/python3.11/site-packages/requests/sessions.py:602: in get
    return self.request("GET", url, **kwargs)
           ^^^^^^^^^^^^^^^^^^^^^^^^^^^^^^^^^^
/root/.venv/lib/python3.11/site-packages/requests/sessions.py:589: in request
    resp = self.send(prep, **send_kwargs)
           ^^^^^^^^^^^^^^^^^^^^^^^^^^^^^^
/root/.venv/lib/python3.11/site-packages/requests/sessions.py:703: in send
    r = adapter.send(request, **kwargs)
        ^^^^^^^^^^^^^^^^^^^^^^^^^^^^^^^
/root/.venv/lib/python3.11/site-packages/requests/adapters.py:690: in send
    raise ReadTimeout(e, request=request)
E   requests.exceptions.ReadTimeout: HTTPConnectionPool(host='127.0.0.1', port=8001): Read timed out. (read timeout=30)</failure></testcase><testcase classname="tests.test_trade_journal_ai_integration.TestTradeJournalAIIntegration" name="test_get_trades_has_source_field" time="1.725" /><testcase classname="tests.test_trade_journal_ai_integration.TestTradeJournalAIIntegration" name="test_get_closed_trades_filter" time="2.079" /><testcase classname="tests.test_trade_journal_ai_integration.TestTradeJournalAIIntegration" name="test_get_open_trades_filter" time="0.480" /><testcase classname="tests.test_trade_journal_ai_integration.TestTradeJournalAIIntegration" name="test_get_ai_learning_stats" time="0.254" /><testcase classname="tests.test_trade_journal_ai_integration.TestTradeJournalAIIntegration" name="test_ai_learning_stats_outcome_breakdown" time="0.309" /><testcase classname="tests.test_trade_journal_ai_integration.TestTradeJournalAIIntegration" name="test_create_trade_with_source" time="0.160" /><testcase classname="tests.test_trade_journal_ai_integration.TestTradeJournalAIIntegration" name="test_create_trade_default_source" time="0.555" /><testcase classname="tests.test_trade_journal_ai_integration.TestTradeJournalAIIntegration" name="test_enrich_trade_with_ai" time="4.808" /><testcase classname="tests.test_trade_journal_ai_integration.TestTradeJournalAIIntegration" name="test_enrich_nonexistent_trade_returns_404" time="0.067" /><testcase classname="tests.test_trade_journal_ai_integration.TestTradeJournalAIIntegration" name="test_close_trade_feeds_learning_loop" time="2.085" /><testcase classname="tests.test_trade_journal_ai_integration.TestTradeJournalAIIntegration" name="test_close_trade_calculates_pnl_correctly" time="2.086" /><testcase classname="tests.test_trade_journal_ai_integration.TestTradeJournalAIIntegration" name="test_close_already_closed_trade_returns_400" time="0.949" /><testcase classname="tests.test_trade_journal_ai_integration.TestTradeJournalAIIntegration" name="test_full_trade_lifecycle_with_ai" time="8.164" /><testcase classname="tests.test_trade_journal_ai_integration.TestTradeJournalDataIntegrity" name="test_trades_have_required_fields" time="1.356" /><testcase classname="tests.test_trade_journal_ai_integration.TestTradeJournalDataIntegrity" name="test_closed_trades_have_outcome" time="1.120"><failure message="AssertionError: Closed trade 69726d4f125dc7389c28aef6 missing outcome&#10;assert 'outcome' in {'context_confidence': 0, 'created_at': '2026-01-22T18:32:47.921058+00:00', 'direction': 'long', 'entry_date': '2026-01-22T18:32:47.921058+00:00', ...}">tests/test_trade_journal_ai_integration.py:474: in test_closed_trades_have_outcome
    assert "outcome" in trade, f"Closed trade {trade.get('id')} missing outcome"
E   AssertionError: Closed trade 69726d4f125dc7389c28aef6 missing outcome
E   assert 'outcome' in {'context_confidence': 0, 'created_at': '2026-01-22T18:32:47.921058+00:00', 'direction': 'long', 'entry_date': '2026-01-22T18:32:47.921058+00:00', ...}</failure></testcase><testcase classname="tests.test_trade_journal_ai_integration.TestTradeJournalDataIntegrity" name="test_ai_context_structure" time="1.354" /></testsuite></testsuites>