<?xml version="1.0" encoding="utf-8"?><testsuites name="pytest tests"><testsuite name="pytest" errors="0" failures="0" skipped="0" tests="7" time="52.239" timestamp="2026-03-16T04:17:23.607092+00:00" hostname="agent-env-5f4e2ca6-8a50-4b01-8f73-a98ad4d34596"><testcase classname="backend.tests.test_timeseries_learning_progress.TestTimeseriesLearningProgressFix" name="test_timeseries_status_returns_trained_flag" time="11.549" /><testcase classname="backend.tests.test_timeseries_learning_progress.TestTimeseriesLearningProgressFix" name="test_timeseries_status_returns_accuracy_metric" time="0.145" /><testcase classname="backend.tests.test_timeseries_learning_progress.TestTimeseriesLearningProgressFix" name="test_timeseries_status_when_model_is_trained" time="0.105" /><testcase classname="backend.tests.test_timeseries_learning_progress.TestTimeseriesLearningProgressFix" name="test_train_endpoint_returns_success" time="20.144" /><testcase classname="backend.tests.test_timeseries_learning_progress.TestTimeseriesLearningProgressFix" name="test_train_endpoint_metrics_structure" time="19.989" /><testcase classname="backend.tests.test_timeseries_learning_progress.TestLearningProgressCalculations" name="test_ai_training_progress_calculation" time="0.131" /><testcase classname="backend.tests.test_timeseries_learning_progress.TestLearningProgressCalculations" name="test_overall_progress_increase" time="0.112" /></testsuite></testsuites>