<?xml version="1.0" encoding="utf-8"?><testsuites name="pytest tests"><testsuite name="pytest" errors="0" failures="0" skipped="0" tests="12" time="8.174" timestamp="2026-03-25T00:03:00.062929+00:00" hostname="agent-env-ff7acadc-c576-440c-983d-66a66283739a"><testcase classname="backend.tests.test_full_ai_simulation.TestFullAISimulationEndpoints" name="test_health_check" time="6.565" /><testcase classname="backend.tests.test_full_ai_simulation.TestFullAISimulationEndpoints" name="test_list_simulation_jobs" time="0.155" /><testcase classname="backend.tests.test_full_ai_simulation.TestFullAISimulationEndpoints" name="test_get_simulation_status" time="0.127" /><testcase classname="backend.tests.test_full_ai_simulation.TestFullAISimulationEndpoints" name="test_get_simulation_status_not_found" time="0.131" /><testcase classname="backend.tests.test_full_ai_simulation.TestFullAISimulationEndpoints" name="test_get_simulation_summary" time="0.220" /><testcase classname="backend.tests.test_full_ai_simulation.TestFullAISimulationEndpoints" name="test_get_simulation_trades" time="0.152" /><testcase classname="backend.tests.test_full_ai_simulation.TestFullAISimulationEndpoints" name="test_get_simulation_decisions" time="0.169" /><testcase classname="backend.tests.test_full_ai_simulation.TestFullAISimulationEndpoints" name="test_trades_limit_parameter" time="0.130" /><testcase classname="backend.tests.test_full_ai_simulation.TestFullAISimulationEndpoints" name="test_decisions_limit_parameter" time="0.130" /><testcase classname="backend.tests.test_full_ai_simulation.TestOtherBacktestTabs" name="test_quick_backtest_strategies" time="0.124" /><testcase classname="backend.tests.test_full_ai_simulation.TestOtherBacktestTabs" name="test_general_backtest_jobs" time="0.099" /><testcase classname="backend.tests.test_full_ai_simulation.TestOtherBacktestTabs" name="test_ai_comparison_status" time="0.107" /></testsuite></testsuites>