<?xml version="1.0" encoding="utf-8"?><testsuites name="pytest tests"><testsuite name="pytest" errors="0" failures="0" skipped="0" tests="16" time="82.082" timestamp="2026-03-04T18:25:41.427857+00:00" hostname="agent-env-d28d07e7-d082-4271-83e0-1ee54da1d5d9"><testcase classname="backend.tests.test_ib_pushed_data.TestIBPushedDataEndpoints" name="test_get_pushed_data_initial" time="6.163" /><testcase classname="backend.tests.test_ib_pushed_data.TestIBPushedDataEndpoints" name="test_post_push_data" time="34.568" /><testcase classname="backend.tests.test_ib_pushed_data.TestIBPushedDataEndpoints" name="test_pushed_data_persistence" time="0.489" /><testcase classname="backend.tests.test_ib_pushed_data.TestIBPushedDataEndpoints" name="test_pushed_quote_endpoint" time="0.310" /><testcase classname="backend.tests.test_ib_pushed_data.TestIBPushedDataEndpoints" name="test_pushed_quote_not_found" time="0.175" /><testcase classname="backend.tests.test_ib_pushed_data.TestIBPushedDataEndpoints" name="test_push_data_validation" time="0.182" /><testcase classname="backend.tests.test_ib_pushed_data.TestIBPushedDataIntegration" name="test_pushed_data_used_by_useCommandCenterData" time="0.205" /><testcase classname="backend.tests.test_ib_pushed_data.TestIBPushedDataIntegration" name="test_trading_bot_positions_fallback" time="0.162" /><testcase classname="backend.tests.test_ib_pushed_data.TestIBPushedDataIntegration" name="test_ib_status_endpoint" time="1.250" /><testcase classname="backend.tests.test_ib_pushed_data.TestStartupModalAPIs" name="test_health_endpoint" time="0.117" /><testcase classname="backend.tests.test_ib_pushed_data.TestStartupModalAPIs" name="test_alpaca_status" time="7.587" /><testcase classname="backend.tests.test_ib_pushed_data.TestStartupModalAPIs" name="test_ollama_check" time="4.359" /><testcase classname="backend.tests.test_ib_pushed_data.TestStartupModalAPIs" name="test_ib_pushed_data_for_startup" time="7.290" /><testcase classname="backend.tests.test_ib_pushed_data.TestStartupModalAPIs" name="test_market_intel_endpoint" time="0.150" /><testcase classname="backend.tests.test_ib_pushed_data.TestStartupModalAPIs" name="test_portfolio_endpoint" time="7.477" /><testcase classname="backend.tests.test_ib_pushed_data.TestStartupModalAPIs" name="test_smart_watchlist_endpoint" time="11.524" /></testsuite></testsuites>