<?xml version="1.0" encoding="utf-8"?><testsuites name="pytest tests"><testsuite name="pytest" errors="0" failures="0" skipped="0" tests="27" time="9.683" timestamp="2026-03-10T04:37:10.061237+00:00" hostname="agent-env-f9a03247-353b-4398-a7cf-dd43c089e1fd"><testcase classname="backend.tests.test_risk_management_phase3.TestCircuitBreakers" name="test_get_circuit_breaker_status" time="6.201" /><testcase classname="backend.tests.test_risk_management_phase3.TestCircuitBreakers" name="test_get_circuit_breaker_configs" time="0.180" /><testcase classname="backend.tests.test_risk_management_phase3.TestCircuitBreakers" name="test_configure_circuit_breaker" time="0.356" /><testcase classname="backend.tests.test_risk_management_phase3.TestCircuitBreakers" name="test_configure_invalid_breaker_type" time="0.096" /><testcase classname="backend.tests.test_risk_management_phase3.TestCircuitBreakers" name="test_check_trading_permission" time="0.150" /><testcase classname="backend.tests.test_risk_management_phase3.TestCircuitBreakers" name="test_check_permission_low_tqs_warning" time="0.094" /><testcase classname="backend.tests.test_risk_management_phase3.TestCircuitBreakers" name="test_check_permission_very_low_tqs_size_cap" time="0.147" /><testcase classname="backend.tests.test_risk_management_phase3.TestPositionSizing" name="test_get_position_sizing_config" time="0.093" /><testcase classname="backend.tests.test_risk_management_phase3.TestPositionSizing" name="test_calculate_position_size_basic" time="0.137" /><testcase classname="backend.tests.test_risk_management_phase3.TestPositionSizing" name="test_calculate_position_size_high_tqs" time="0.137" /><testcase classname="backend.tests.test_risk_management_phase3.TestPositionSizing" name="test_calculate_position_size_low_tqs" time="0.097" /><testcase classname="backend.tests.test_risk_management_phase3.TestPositionSizing" name="test_get_sizing_table" time="0.118" /><testcase classname="backend.tests.test_risk_management_phase3.TestDynamicThresholds" name="test_get_threshold_summary" time="0.109" /><testcase classname="backend.tests.test_risk_management_phase3.TestDynamicThresholds" name="test_calculate_thresholds_neutral_context" time="0.108" /><testcase classname="backend.tests.test_risk_management_phase3.TestDynamicThresholds" name="test_calculate_thresholds_volatile_market" time="0.099" /><testcase classname="backend.tests.test_risk_management_phase3.TestDynamicThresholds" name="test_calculate_thresholds_consecutive_losses" time="0.100" /><testcase classname="backend.tests.test_risk_management_phase3.TestDynamicThresholds" name="test_calculate_thresholds_strong_uptrend" time="0.135" /><testcase classname="backend.tests.test_risk_management_phase3.TestDynamicThresholds" name="test_check_trade_passes" time="0.107" /><testcase classname="backend.tests.test_risk_management_phase3.TestDynamicThresholds" name="test_check_trade_fails_low_tqs" time="0.109" /><testcase classname="backend.tests.test_risk_management_phase3.TestHealthMonitoring" name="test_get_quick_health_status" time="0.109" /><testcase classname="backend.tests.test_risk_management_phase3.TestHealthMonitoring" name="test_get_health_report" time="0.243" /><testcase classname="backend.tests.test_risk_management_phase3.TestHealthMonitoring" name="test_check_specific_component" time="0.108" /><testcase classname="backend.tests.test_risk_management_phase3.TestTQSMultiplierScaling" name="test_tqs_multiplier_at_min_score" time="0.106" /><testcase classname="backend.tests.test_risk_management_phase3.TestTQSMultiplierScaling" name="test_tqs_multiplier_at_base_score" time="0.107" /><testcase classname="backend.tests.test_risk_management_phase3.TestTQSMultiplierScaling" name="test_tqs_multiplier_at_max_score" time="0.114" /><testcase classname="backend.tests.test_risk_management_phase3.TestTQSMultiplierScaling" name="test_tqs_multiplier_interpolation" time="0.097" /><testcase classname="backend.tests.test_risk_management_phase3.TestSpecificPositionSizeScenario" name="test_specific_position_size_calculation" time="0.103" /></testsuite></testsuites>