<?xml version="1.0" encoding="utf-8"?><testsuites name="pytest tests"><testsuite name="pytest" errors="0" failures="0" skipped="0" tests="15" time="39.791" timestamp="2026-02-21T18:06:08.776700+00:00" hostname="agent-env-1b556bce-3b1f-40be-83c9-385d77558a24"><testcase classname="tests.test_trading_platform_iteration38.TestHealthAndStatus" name="test_health_endpoint" time="5.649" /><testcase classname="tests.test_trading_platform_iteration38.TestHealthAndStatus" name="test_llm_status" time="20.658" /><testcase classname="tests.test_trading_platform_iteration38.TestAlpacaPositions" name="test_trading_bot_positions" time="10.324" /><testcase classname="tests.test_trading_platform_iteration38.TestTradingBot" name="test_bot_status" time="0.180" /><testcase classname="tests.test_trading_platform_iteration38.TestTradingBot" name="test_bot_trades" time="0.147" /><testcase classname="tests.test_trading_platform_iteration38.TestScannerAndAlerts" name="test_live_scanner_alerts" time="0.123" /><testcase classname="tests.test_trading_platform_iteration38.TestScannerAndAlerts" name="test_live_scanner_status" time="0.118" /><testcase classname="tests.test_trading_platform_iteration38.TestMarketIntel" name="test_market_intel_current" time="0.121" /><testcase classname="tests.test_trading_platform_iteration38.TestMarketIntel" name="test_market_intel_reports" time="0.111" /><testcase classname="tests.test_trading_platform_iteration38.TestDashboardInit" name="test_dashboard_init" time="0.893" /><testcase classname="tests.test_trading_platform_iteration38.TestResearchBudget" name="test_research_budget" time="0.109" /><testcase classname="tests.test_trading_platform_iteration38.TestSmartWatchlist" name="test_smart_watchlist" time="0.131" /><testcase classname="tests.test_trading_platform_iteration38.TestEarningsCalendar" name="test_earnings_calendar" time="0.144" /><testcase classname="tests.test_trading_platform_iteration38.TestSystemMonitor" name="test_system_monitor" time="0.842" /><testcase classname="tests.test_trading_platform_iteration38.TestCoachingNotifications" name="test_coaching_notifications" time="0.172" /></testsuite></testsuites>