<?xml version="1.0" encoding="utf-8"?><testsuites name="pytest tests"><testsuite name="pytest" errors="0" failures="0" skipped="0" tests="21" time="8.284" timestamp="2026-03-10T05:27:27.934726+00:00" hostname="agent-env-159c6be8-bb1a-42bd-8066-df3cd403ac09"><testcase classname="backend.tests.test_weekly_intelligence_report.TestWeeklyReportGeneration" name="test_generate_weekly_report_current_week" time="4.441" /><testcase classname="backend.tests.test_weekly_intelligence_report.TestWeeklyReportGeneration" name="test_generate_weekly_report_with_force" time="0.161" /><testcase classname="backend.tests.test_weekly_intelligence_report.TestWeeklyReportGeneration" name="test_generate_weekly_report_specific_week" time="0.160" /><testcase classname="backend.tests.test_weekly_intelligence_report.TestGetCurrentReport" name="test_get_current_weekly_report" time="0.151" /><testcase classname="backend.tests.test_weekly_intelligence_report.TestServiceStatistics" name="test_get_weekly_report_stats" time="0.128" /><testcase classname="backend.tests.test_weekly_intelligence_report.TestGetReportByWeek" name="test_get_report_by_week_existing" time="0.223" /><testcase classname="backend.tests.test_weekly_intelligence_report.TestGetReportByWeek" name="test_get_report_by_week_nonexistent" time="0.151" /><testcase classname="backend.tests.test_weekly_intelligence_report.TestGetReportById" name="test_get_report_by_id_existing" time="0.215" /><testcase classname="backend.tests.test_weekly_intelligence_report.TestGetReportById" name="test_get_report_by_id_nonexistent" time="0.100" /><testcase classname="backend.tests.test_weekly_intelligence_report.TestGetRecentReports" name="test_get_recent_reports" time="0.103" /><testcase classname="backend.tests.test_weekly_intelligence_report.TestGetRecentReports" name="test_get_recent_reports_with_limit" time="0.103" /><testcase classname="backend.tests.test_weekly_intelligence_report.TestUpdateReflection" name="test_update_reflection_full" time="0.218" /><testcase classname="backend.tests.test_weekly_intelligence_report.TestUpdateReflection" name="test_update_reflection_partial" time="0.260" /><testcase classname="backend.tests.test_weekly_intelligence_report.TestUpdateReflection" name="test_update_reflection_invalid_ratings" time="0.315" /><testcase classname="backend.tests.test_weekly_intelligence_report.TestUpdateReflection" name="test_update_reflection_nonexistent_report" time="0.101" /><testcase classname="backend.tests.test_weekly_intelligence_report.TestMarkComplete" name="test_mark_report_complete" time="0.419" /><testcase classname="backend.tests.test_weekly_intelligence_report.TestMarkComplete" name="test_mark_complete_nonexistent_report" time="0.103" /><testcase classname="backend.tests.test_weekly_intelligence_report.TestReportSectionDetails" name="test_verify_performance_snapshot_structure" time="0.099" /><testcase classname="backend.tests.test_weekly_intelligence_report.TestReportSectionDetails" name="test_verify_reflection_structure" time="0.117" /><testcase classname="backend.tests.test_weekly_intelligence_report.TestDataPersistence" name="test_reflection_persists_after_update" time="0.299" /><testcase classname="backend.tests.test_weekly_intelligence_report.TestDataPersistence" name="test_complete_status_persists" time="0.315" /></testsuite></testsuites>