<?xml version="1.0" encoding="utf-8"?><testsuites name="pytest tests"><testsuite name="pytest" errors="0" failures="1" skipped="0" tests="10" time="101.474" timestamp="2026-03-25T01:42:24.758008+00:00" hostname="agent-env-a99c7d87-7271-497a-a52c-a254987cfd69"><testcase classname="tests.test_setup_models.TestSetupModelsEndpoints" name="test_health_check" time="60.230"><failure message="assert 502 == 200&#10; +  where 502 = &lt;Response [502]&gt;.status_code">tests/test_setup_models.py:24: in test_health_check
    assert response.status_code == 200
E   assert 502 == 200
E    +  where 502 = &lt;Response [502]&gt;.status_code</failure></testcase><testcase classname="tests.test_setup_models.TestSetupModelsEndpoints" name="test_get_setup_models_status" time="26.378" /><testcase classname="tests.test_setup_models.TestSetupModelsEndpoints" name="test_train_setup_model_valid_type" time="13.749" /><testcase classname="tests.test_setup_models.TestSetupModelsEndpoints" name="test_train_setup_model_invalid_type" time="0.156" /><testcase classname="tests.test_setup_models.TestSetupModelsEndpoints" name="test_train_all_setup_models" time="0.105" /><testcase classname="tests.test_setup_models.TestSetupModelsEndpoints" name="test_predict_for_setup_no_models" time="0.192" /><testcase classname="tests.test_setup_models.TestSetupModelsEndpoints" name="test_stop_training_endpoint" time="0.135" /><testcase classname="tests.test_setup_models.TestSetupModelsEndpoints" name="test_timeseries_status_endpoint" time="0.168" /><testcase classname="tests.test_setup_models.TestSetupModelsValidation" name="test_train_missing_setup_type" time="0.153" /><testcase classname="tests.test_setup_models.TestSetupModelsValidation" name="test_predict_missing_symbol" time="0.151" /></testsuite></testsuites>