<?xml version="1.0" encoding="utf-8"?><testsuites name="pytest tests"><testsuite name="pytest" errors="0" failures="3" skipped="0" tests="14" time="0.843" timestamp="2026-01-22T18:32:29.305730+00:00" hostname="agent-env-ac434b63-659c-4718-afa3-d888131ccea0"><testcase classname="backend.tests.test_catalyst_and_templates.TestCatalystScoringAPI" name="test_score_guide_endpoint" time="0.076" /><testcase classname="backend.tests.test_catalyst_and_templates.TestCatalystScoringAPI" name="test_quick_score_positive_catalyst" time="0.040" /><testcase classname="backend.tests.test_catalyst_and_templates.TestCatalystScoringAPI" name="test_quick_score_negative_catalyst" time="0.037" /><testcase classname="backend.tests.test_catalyst_and_templates.TestCatalystScoringAPI" name="test_quick_score_neutral_catalyst" time="0.039" /><testcase classname="backend.tests.test_catalyst_and_templates.TestCatalystScoringAPI" name="test_quick_score_score_range" time="0.081" /><testcase classname="backend.tests.test_catalyst_and_templates.TestTradeTemplatesAPI" name="test_default_templates_endpoint" time="0.037" /><testcase classname="backend.tests.test_catalyst_and_templates.TestTradeTemplatesAPI" name="test_templates_list_endpoint" time="0.045" /><testcase classname="backend.tests.test_catalyst_and_templates.TestTradeTemplatesAPI" name="test_strategy_templates_structure" time="0.036" /><testcase classname="backend.tests.test_catalyst_and_templates.TestTradeTemplatesAPI" name="test_template_risk_reward_values" time="0.037" /><testcase classname="backend.tests.test_catalyst_and_templates.TestTradeCreationWithTemplate" name="test_create_trade_basic" time="0.063"><failure message="AssertionError: assert 'TEST_54C0928F' == 'TEST_54c0928f'&#10;  &#10;  - TEST_54c0928f&#10;  ?        ^    ^&#10;  + TEST_54C0928F&#10;  ?        ^    ^">backend/tests/test_catalyst_and_templates.py:274: in test_create_trade_basic
    assert data["symbol"] == payload["symbol"]
E   AssertionError: assert 'TEST_54C0928F' == 'TEST_54c0928f'
E     
E     - TEST_54c0928f
E     ?        ^    ^
E     + TEST_54C0928F
E     ?        ^    ^</failure></testcase><testcase classname="backend.tests.test_catalyst_and_templates.TestTradeCreationWithTemplate" name="test_create_trade_from_template" time="0.045"><failure message="AssertionError: assert 'TEST_3157B1F9' == 'TEST_3157b1f9'&#10;  &#10;  - TEST_3157b1f9&#10;  ?          ^ ^&#10;  + TEST_3157B1F9&#10;  ?          ^ ^">backend/tests/test_catalyst_and_templates.py:304: in test_create_trade_from_template
    assert data["symbol"] == payload["symbol"]
E   AssertionError: assert 'TEST_3157B1F9' == 'TEST_3157b1f9'
E     
E     - TEST_3157b1f9
E     ?          ^ ^
E     + TEST_3157B1F9
E     ?          ^ ^</failure></testcase><testcase classname="backend.tests.test_catalyst_and_templates.TestCatalystHistoryAndRecent" name="test_recent_catalysts_endpoint" time="0.041" /><testcase classname="backend.tests.test_catalyst_and_templates.TestCatalystHistoryAndRecent" name="test_catalyst_history_endpoint" time="0.037" /><testcase classname="backend.tests.test_catalyst_and_templates.TestTradeJournalIntegration" name="test_full_trade_workflow_with_template" time="0.116"><failure message="AssertionError: assert 'TEST_F54B24C7' == 'TEST_f54b24c7'&#10;  &#10;  - TEST_f54b24c7&#10;  ?      ^  ^  ^&#10;  + TEST_F54B24C7&#10;  ?      ^  ^  ^">backend/tests/test_catalyst_and_templates.py:380: in test_full_trade_workflow_with_template
    assert fetched_trade["symbol"] == trade_payload["symbol"]
E   AssertionError: assert 'TEST_F54B24C7' == 'TEST_f54b24c7'
E     
E     - TEST_f54b24c7
E     ?      ^  ^  ^
E     + TEST_F54B24C7
E     ?      ^  ^  ^</failure></testcase></testsuite></testsuites>