<?xml version="1.0" encoding="utf-8"?><testsuites name="pytest tests"><testsuite name="pytest" errors="0" failures="0" skipped="0" tests="24" time="8.743" timestamp="2026-03-10T05:40:43.987044+00:00" hostname="agent-env-159c6be8-bb1a-42bd-8066-df3cd403ac09"><testcase classname="backend.tests.test_slow_learning_phase6.TestSlowLearningStatus" name="test_get_status" time="4.608" /><testcase classname="backend.tests.test_slow_learning_phase6.TestHistoricalDataService" name="test_get_available_symbols_empty" time="0.158" /><testcase classname="backend.tests.test_slow_learning_phase6.TestHistoricalDataService" name="test_get_historical_stats_empty" time="0.150" /><testcase classname="backend.tests.test_slow_learning_phase6.TestHistoricalDataService" name="test_download_historical_data" time="0.240" /><testcase classname="backend.tests.test_slow_learning_phase6.TestHistoricalDataService" name="test_get_historical_bars" time="0.112" /><testcase classname="backend.tests.test_slow_learning_phase6.TestHistoricalDataService" name="test_get_available_symbols_after_download" time="0.101" /><testcase classname="backend.tests.test_slow_learning_phase6.TestHistoricalDataService" name="test_get_historical_stats_after_download" time="0.103" /><testcase classname="backend.tests.test_slow_learning_phase6.TestBacktestEngine" name="test_run_backtest" time="0.142" /><testcase classname="backend.tests.test_slow_learning_phase6.TestBacktestEngine" name="test_get_backtest_results" time="0.108" /><testcase classname="backend.tests.test_slow_learning_phase6.TestBacktestEngine" name="test_get_backtest_result_by_id" time="0.209" /><testcase classname="backend.tests.test_slow_learning_phase6.TestBacktestEngine" name="test_get_backtest_not_found" time="0.102" /><testcase classname="backend.tests.test_slow_learning_phase6.TestShadowModeService" name="test_create_shadow_filter" time="0.115" /><testcase classname="backend.tests.test_slow_learning_phase6.TestShadowModeService" name="test_get_shadow_filters" time="0.098" /><testcase classname="backend.tests.test_slow_learning_phase6.TestShadowModeService" name="test_get_shadow_filters_with_inactive" time="0.104" /><testcase classname="backend.tests.test_slow_learning_phase6.TestShadowModeService" name="test_record_shadow_signal" time="0.241" /><testcase classname="backend.tests.test_slow_learning_phase6.TestShadowModeService" name="test_get_shadow_signals" time="0.095" /><testcase classname="backend.tests.test_slow_learning_phase6.TestShadowModeService" name="test_get_shadow_signals_filtered" time="0.222" /><testcase classname="backend.tests.test_slow_learning_phase6.TestShadowModeService" name="test_update_shadow_outcomes" time="0.154" /><testcase classname="backend.tests.test_slow_learning_phase6.TestShadowModeService" name="test_get_shadow_report" time="0.097" /><testcase classname="backend.tests.test_slow_learning_phase6.TestShadowModeService" name="test_get_single_filter" time="0.217" /><testcase classname="backend.tests.test_slow_learning_phase6.TestShadowModeService" name="test_get_filter_not_found" time="0.105" /><testcase classname="backend.tests.test_slow_learning_phase6.TestShadowModeService" name="test_validate_filter" time="0.208" /><testcase classname="backend.tests.test_slow_learning_phase6.TestShadowModeService" name="test_deactivate_filter" time="0.209" /><testcase classname="backend.tests.test_slow_learning_phase6.TestIntegrationFlow" name="test_full_slow_learning_flow" time="0.727" /></testsuite></testsuites>