<?xml version="1.0" encoding="utf-8"?><testsuites name="pytest tests"><testsuite name="pytest" errors="0" failures="0" skipped="0" tests="20" time="45.145" timestamp="2026-03-25T02:42:21.274393+00:00" hostname="agent-env-a99c7d87-7271-497a-a52c-a254987cfd69"><testcase classname="tests.test_general_training_job_queue.TestHealthAndPrerequisites" name="test_health_check" time="0.124" /><testcase classname="tests.test_general_training_job_queue.TestHealthAndPrerequisites" name="test_timeseries_status" time="0.099" /><testcase classname="tests.test_general_training_job_queue.TestHealthAndPrerequisites" name="test_training_status_endpoint" time="0.122" /><testcase classname="tests.test_general_training_job_queue.TestTrainEndpoint" name="test_train_returns_job_id" time="0.177" /><testcase classname="tests.test_general_training_job_queue.TestTrainEndpoint" name="test_train_with_custom_bar_size" time="0.132" /><testcase classname="tests.test_general_training_job_queue.TestTrainEndpoint" name="test_train_without_payload" time="0.116" /><testcase classname="tests.test_general_training_job_queue.TestTrainAllEndpoint" name="test_train_all_returns_job_id" time="0.148" /><testcase classname="tests.test_general_training_job_queue.TestTrainAllEndpoint" name="test_train_all_with_specific_timeframes" time="0.136" /><testcase classname="tests.test_general_training_job_queue.TestTrainFullUniverseEndpoint" name="test_train_full_universe_returns_job_id" time="0.133" /><testcase classname="tests.test_general_training_job_queue.TestTrainFullUniverseEndpoint" name="test_train_full_universe_with_custom_bar_size" time="0.128" /><testcase classname="tests.test_general_training_job_queue.TestTrainFullUniverseAllEndpoint" name="test_train_full_universe_all_returns_job_id" time="0.137" /><testcase classname="tests.test_general_training_job_queue.TestTrainFullUniverseAllEndpoint" name="test_train_full_universe_all_with_specific_timeframes" time="0.132" /><testcase classname="tests.test_general_training_job_queue.TestJobProgressTracking" name="test_get_job_status" time="0.247" /><testcase classname="tests.test_general_training_job_queue.TestJobProgressTracking" name="test_job_progress_updates" time="10.810" /><testcase classname="tests.test_general_training_job_queue.TestJobProgressTracking" name="test_get_nonexistent_job" time="0.149" /><testcase classname="tests.test_general_training_job_queue.TestExistingEndpointsStillWork" name="test_setups_status_still_works" time="0.098" /><testcase classname="tests.test_general_training_job_queue.TestExistingEndpointsStillWork" name="test_setups_train_still_returns_job_id" time="0.147" /><testcase classname="tests.test_general_training_job_queue.TestExistingEndpointsStillWork" name="test_training_status_still_works" time="0.108" /><testcase classname="tests.test_general_training_job_queue.TestJobQueueIntegration" name="test_list_recent_jobs" time="0.177" /><testcase classname="tests.test_general_training_job_queue.TestJobQueueIntegration" name="test_job_gets_picked_up_by_worker" time="31.799" /></testsuite></testsuites>