<?xml version="1.0" encoding="utf-8"?><testsuites name="pytest tests"><testsuite name="pytest" errors="0" failures="0" skipped="0" tests="20" time="13.113" timestamp="2026-03-15T01:14:03.137557+00:00" hostname="agent-env-d2df8c3d-7125-44dc-8c89-a24387d709fb"><testcase classname="backend.tests.test_ai_consultation_phase2.TestConsultationStatus" name="test_get_consultation_status" time="5.528" /><testcase classname="backend.tests.test_ai_consultation_phase2.TestConsultationRun" name="test_run_consultation_basic" time="0.663" /><testcase classname="backend.tests.test_ai_consultation_phase2.TestConsultationRun" name="test_run_consultation_full_trade_object" time="0.723" /><testcase classname="backend.tests.test_ai_consultation_phase2.TestConsultationRun" name="test_run_consultation_short_trade" time="0.687" /><testcase classname="backend.tests.test_ai_consultation_phase2.TestConsultationRun" name="test_run_consultation_missing_required_fields" time="0.533" /><testcase classname="backend.tests.test_ai_consultation_phase2.TestConsultationShadowLogging" name="test_consultation_creates_shadow_log" time="0.878" /><testcase classname="backend.tests.test_ai_consultation_phase2.TestSizeAdjustmentRecommendations" name="test_size_adjustment_range" time="0.584" /><testcase classname="backend.tests.test_ai_consultation_phase2.TestProceedPassRecommendations" name="test_proceed_recommendation_structure" time="0.576" /><testcase classname="backend.tests.test_ai_consultation_phase2.TestPhase1EndpointsStillWorking" name="test_config_endpoint" time="0.116" /><testcase classname="backend.tests.test_ai_consultation_phase2.TestPhase1EndpointsStillWorking" name="test_status_endpoint" time="0.108" /><testcase classname="backend.tests.test_ai_consultation_phase2.TestPhase1EndpointsStillWorking" name="test_toggle_endpoint" time="0.113" /><testcase classname="backend.tests.test_ai_consultation_phase2.TestPhase1EndpointsStillWorking" name="test_shadow_mode_endpoint" time="0.153" /><testcase classname="backend.tests.test_ai_consultation_phase2.TestPhase1EndpointsStillWorking" name="test_debate_run_endpoint" time="0.257" /><testcase classname="backend.tests.test_ai_consultation_phase2.TestPhase1EndpointsStillWorking" name="test_risk_assess_endpoint" time="0.262" /><testcase classname="backend.tests.test_ai_consultation_phase2.TestPhase1EndpointsStillWorking" name="test_institutional_context_endpoint" time="0.408" /><testcase classname="backend.tests.test_ai_consultation_phase2.TestPhase1EndpointsStillWorking" name="test_volume_analyze_endpoint" time="0.151" /><testcase classname="backend.tests.test_ai_consultation_phase2.TestPhase1EndpointsStillWorking" name="test_shadow_stats_endpoint" time="0.111" /><testcase classname="backend.tests.test_ai_consultation_phase2.TestTradingBotIntegration" name="test_trading_bot_status_has_ai_consultation" time="0.129" /><testcase classname="backend.tests.test_ai_consultation_phase2.TestTradingBotIntegration" name="test_consultation_status_reflects_bot_connection" time="0.111" /><testcase classname="backend.tests.test_ai_consultation_phase2.TestEndToEndConsultationFlow" name="test_complete_consultation_workflow" time="0.927" /></testsuite></testsuites>