<?xml version="1.0" encoding="utf-8"?><testsuites name="pytest tests"><testsuite name="pytest" errors="0" failures="0" skipped="0" tests="26" time="21.987" timestamp="2026-03-06T03:38:58.397563+00:00" hostname="agent-env-8108fdc5-cd8f-4c25-97c4-772a52f288b0"><testcase classname="backend.tests.test_scanner_expansion_phase1.TestHealthAndBasicAPIs" name="test_health_endpoint" time="20.104" /><testcase classname="backend.tests.test_scanner_expansion_phase1.TestHealthAndBasicAPIs" name="test_backend_accessible" time="0.219" /><testcase classname="backend.tests.test_scanner_expansion_phase1.TestTechnicalSnapshotNewFields" name="test_aapl_technicals_success" time="0.281" /><testcase classname="backend.tests.test_scanner_expansion_phase1.TestTechnicalSnapshotNewFields" name="test_aapl_has_bollinger_bands" time="0.000" /><testcase classname="backend.tests.test_scanner_expansion_phase1.TestTechnicalSnapshotNewFields" name="test_aapl_has_keltner_channels" time="0.002" /><testcase classname="backend.tests.test_scanner_expansion_phase1.TestTechnicalSnapshotNewFields" name="test_aapl_has_squeeze_fields" time="0.000" /><testcase classname="backend.tests.test_scanner_expansion_phase1.TestTechnicalSnapshotNewFields" name="test_aapl_has_opening_range" time="0.000" /><testcase classname="backend.tests.test_scanner_expansion_phase1.TestTechnicalSnapshotNewFields" name="test_aapl_has_relative_strength" time="0.000" /><testcase classname="backend.tests.test_scanner_expansion_phase1.TestTechnicalSnapshotNewFields" name="test_nvda_technicals_success" time="0.269" /><testcase classname="backend.tests.test_scanner_expansion_phase1.TestTechnicalSnapshotNewFields" name="test_nvda_bollinger_bands_valid" time="0.000" /><testcase classname="backend.tests.test_scanner_expansion_phase1.TestTechnicalSnapshotNewFields" name="test_tsla_technicals_success" time="0.267" /><testcase classname="backend.tests.test_scanner_expansion_phase1.TestLiveScannerStatus" name="test_scanner_status_success" time="0.118" /><testcase classname="backend.tests.test_scanner_expansion_phase1.TestLiveScannerStatus" name="test_scanner_running" time="0.000" /><testcase classname="backend.tests.test_scanner_expansion_phase1.TestLiveScannerStatus" name="test_scanner_has_enabled_setups" time="0.000" /><testcase classname="backend.tests.test_scanner_expansion_phase1.TestLiveScannerStatus" name="test_scanner_has_34_setups" time="0.000" /><testcase classname="backend.tests.test_scanner_expansion_phase1.TestLiveScannerStatus" name="test_scanner_has_squeeze_setup" time="0.000" /><testcase classname="backend.tests.test_scanner_expansion_phase1.TestLiveScannerStatus" name="test_scanner_has_mean_reversion_setup" time="0.000" /><testcase classname="backend.tests.test_scanner_expansion_phase1.TestLiveScannerStatus" name="test_scanner_has_relative_strength_setup" time="0.000" /><testcase classname="backend.tests.test_scanner_expansion_phase1.TestLiveScannerStatus" name="test_scanner_has_gap_fade_setup" time="0.000" /><testcase classname="backend.tests.test_scanner_expansion_phase1.TestLiveScannerStatus" name="test_scanner_has_orb_setup" time="0.000" /><testcase classname="backend.tests.test_scanner_expansion_phase1.TestLiveScannerStatus" name="test_list_all_enabled_setups" time="0.000" /><testcase classname="backend.tests.test_scanner_expansion_phase1.TestLiveScannerConfig" name="test_get_config" time="0.118" /><testcase classname="backend.tests.test_scanner_expansion_phase1.TestLiveScannerConfig" name="test_get_volume_filter_config" time="0.124" /><testcase classname="backend.tests.test_scanner_expansion_phase1.TestLiveScannerAlerts" name="test_get_alerts" time="0.116" /><testcase classname="backend.tests.test_scanner_expansion_phase1.TestBatchTechnicals" name="test_batch_technicals" time="0.121" /><testcase classname="backend.tests.test_scanner_expansion_phase1.TestStrategyStats" name="test_get_all_strategy_stats" time="0.123" /></testsuite></testsuites>