<?xml version="1.0" encoding="utf-8"?><testsuites name="pytest tests"><testsuite name="pytest" errors="0" failures="0" skipped="0" tests="25" time="40.860" timestamp="2026-03-09T20:34:23.010091+00:00" hostname="agent-env-7c6df491-bf36-421b-968a-5fa17b5df4b9"><testcase classname="backend.tests.test_eod_generation.TestEODStatusEndpoint" name="test_eod_status_returns_success" time="6.443" /><testcase classname="backend.tests.test_eod_generation.TestEODStatusEndpoint" name="test_eod_status_contains_scheduler_running" time="0.152" /><testcase classname="backend.tests.test_eod_generation.TestEODStatusEndpoint" name="test_eod_status_contains_next_runs" time="0.158" /><testcase classname="backend.tests.test_eod_generation.TestEODStatusEndpoint" name="test_eod_status_contains_timezone" time="0.162" /><testcase classname="backend.tests.test_eod_generation.TestEODStatusEndpoint" name="test_eod_status_contains_scheduled_time" time="0.157" /><testcase classname="backend.tests.test_eod_generation.TestEODTriggerEndpoint" name="test_trigger_endpoint_returns_success" time="0.165" /><testcase classname="backend.tests.test_eod_generation.TestEODTriggerEndpoint" name="test_trigger_contains_drc_result" time="0.165" /><testcase classname="backend.tests.test_eod_generation.TestEODTriggerEndpoint" name="test_trigger_contains_playbook_analysis_result" time="0.156" /><testcase classname="backend.tests.test_eod_generation.TestEODTriggerEndpoint" name="test_trigger_with_specific_date" time="0.161" /><testcase classname="backend.tests.test_eod_generation.TestPendingPlaybooksEndpoint" name="test_pending_playbooks_returns_success" time="0.825" /><testcase classname="backend.tests.test_eod_generation.TestPendingPlaybooksEndpoint" name="test_pending_playbooks_contains_list" time="0.115" /><testcase classname="backend.tests.test_eod_generation.TestPendingPlaybooksEndpoint" name="test_pending_playbooks_contains_count" time="0.760" /><testcase classname="backend.tests.test_eod_generation.TestEODLogsEndpoint" name="test_logs_endpoint_returns_success" time="0.113" /><testcase classname="backend.tests.test_eod_generation.TestEODLogsEndpoint" name="test_logs_contains_list" time="0.813" /><testcase classname="backend.tests.test_eod_generation.TestEODLogsEndpoint" name="test_logs_contains_count" time="0.109" /><testcase classname="backend.tests.test_eod_generation.TestEODLogsEndpoint" name="test_logs_with_days_parameter" time="0.885" /><testcase classname="backend.tests.test_eod_generation.TestEODLogsEndpoint" name="test_log_entries_have_expected_fields" time="0.108" /><testcase classname="backend.tests.test_eod_generation.TestApproveRejectPlaybookEndpoints" name="test_approve_nonexistent_playbook_returns_404" time="0.783" /><testcase classname="backend.tests.test_eod_generation.TestApproveRejectPlaybookEndpoints" name="test_reject_nonexistent_playbook_returns_success" time="0.127" /><testcase classname="backend.tests.test_eod_generation.TestDRCTodayEndpoint" name="test_drc_today_returns_success" time="3.817" /><testcase classname="backend.tests.test_eod_generation.TestDRCTodayEndpoint" name="test_drc_today_contains_drc_object" time="0.101" /><testcase classname="backend.tests.test_eod_generation.TestDRCTodayEndpoint" name="test_drc_has_date_field" time="3.829" /><testcase classname="backend.tests.test_eod_generation.TestDRCTodayEndpoint" name="test_drc_has_auto_generated_field" time="3.089" /><testcase classname="backend.tests.test_eod_generation.TestDRCTodayEndpoint" name="test_drc_has_required_structure" time="3.701" /><testcase classname="backend.tests.test_eod_generation.TestIntegrationFlow" name="test_full_eod_workflow" time="13.868" /></testsuite></testsuites>