<?xml version="1.0" encoding="utf-8"?><testsuites name="pytest tests"><testsuite name="pytest" errors="0" failures="0" skipped="0" tests="18" time="19.635" timestamp="2026-03-31T19:02:49.609315+00:00" hostname="agent-env-c91754be-46ad-4e63-b857-b627adde2fc5"><testcase classname="tests.test_training_pipeline_phases.TestModelInventoryEndpoint" name="test_model_inventory_returns_success" time="12.583" /><testcase classname="tests.test_training_pipeline_phases.TestModelInventoryEndpoint" name="test_model_inventory_total_defined_is_108" time="0.543" /><testcase classname="tests.test_training_pipeline_phases.TestModelInventoryEndpoint" name="test_model_inventory_has_9_categories" time="0.163" /><testcase classname="tests.test_training_pipeline_phases.TestModelInventoryEndpoint" name="test_model_inventory_category_counts" time="2.956" /><testcase classname="tests.test_training_pipeline_phases.TestModelInventoryEndpoint" name="test_regime_conditional_naming_pattern" time="0.397" /><testcase classname="tests.test_training_pipeline_phases.TestModelInventoryEndpoint" name="test_ensemble_naming_pattern" time="0.321" /><testcase classname="tests.test_training_pipeline_phases.TestTrainingStatusEndpoint" name="test_status_returns_success" time="0.158" /><testcase classname="tests.test_training_pipeline_phases.TestGPUStatusEndpoint" name="test_gpu_status_returns_valid_json" time="0.415" /><testcase classname="tests.test_training_pipeline_phases.TestCountTotalModelsFunction" name="test_count_total_models_returns_108" time="2.044" /><testcase classname="tests.test_training_pipeline_phases.TestDefaultPhasesIncludeRegimeAndEnsemble" name="test_default_phases_include_regime" time="0.000" /><testcase classname="tests.test_training_pipeline_phases.TestDefaultPhasesIncludeRegimeAndEnsemble" name="test_default_phases_from_source" time="0.015" /><testcase classname="tests.test_training_pipeline_phases.TestRegimeConditionalModelModule" name="test_all_regimes_constant" time="0.000" /><testcase classname="tests.test_training_pipeline_phases.TestRegimeConditionalModelModule" name="test_classify_regime_for_date_exists" time="0.000" /><testcase classname="tests.test_training_pipeline_phases.TestRegimeConditionalModelModule" name="test_get_regime_model_name_function" time="0.000" /><testcase classname="tests.test_training_pipeline_phases.TestEnsembleModelModule" name="test_ensemble_model_configs_has_10_entries" time="0.001" /><testcase classname="tests.test_training_pipeline_phases.TestEnsembleModelModule" name="test_ensemble_feature_names_exists" time="0.000" /><testcase classname="tests.test_training_pipeline_phases.TestEnsembleModelModule" name="test_extract_ensemble_features_function" time="0.000" /><testcase classname="tests.test_training_pipeline_phases.TestEnsembleModelModule" name="test_stacked_timeframes_constant" time="0.000" /></testsuite></testsuites>