<?xml version="1.0" encoding="utf-8"?><testsuites name="pytest tests"><testsuite name="pytest" errors="0" failures="1" skipped="0" tests="23" time="14.991" timestamp="2026-01-21T21:39:43.705069+00:00" hostname="agent-env-7664548c-fe55-436d-9dfe-deb6edfdff7b"><testcase classname="tests.test_trading_platform.TestHealthAndBasics" name="test_health_endpoint" time="0.061" /><testcase classname="tests.test_trading_platform.TestStrategies" name="test_get_all_strategies" time="0.045" /><testcase classname="tests.test_trading_platform.TestStrategies" name="test_intraday_strategies" time="0.037" /><testcase classname="tests.test_trading_platform.TestStrategies" name="test_swing_strategies" time="0.050" /><testcase classname="tests.test_trading_platform.TestStrategies" name="test_investment_strategies" time="0.033" /><testcase classname="tests.test_trading_platform.TestStrategies" name="test_strategy_details_structure" time="0.050" /><testcase classname="tests.test_trading_platform.TestQuotes" name="test_single_quote" time="0.045" /><testcase classname="tests.test_trading_platform.TestQuotes" name="test_batch_quotes" time="1.093" /><testcase classname="tests.test_trading_platform.TestQuotes" name="test_market_overview" time="4.699" /><testcase classname="tests.test_trading_platform.TestScanner" name="test_scanner_presets" time="0.059" /><testcase classname="tests.test_trading_platform.TestScanner" name="test_scanner_scan_with_results" time="1.696" /><testcase classname="tests.test_trading_platform.TestScanner" name="test_scanner_strategy_details" time="0.914" /><testcase classname="tests.test_trading_platform.TestScanner" name="test_scanner_category_filter" time="0.460" /><testcase classname="tests.test_trading_platform.TestFundamentals" name="test_fundamentals_endpoint" time="0.369" /><testcase classname="tests.test_trading_platform.TestInsiderTrading" name="test_insider_trades_by_symbol" time="0.203" /><testcase classname="tests.test_trading_platform.TestInsiderTrading" name="test_unusual_insider_activity" time="0.178"><failure message="AssertionError: assert 'all_activity' in {'summary': {'buy_count': 4, 'net_activity': -20004948.0, 'sell_count': 6, 'signal': 'BEARISH', ...}, 'symbol': 'UNUSUAL', 'timestamp': '2026-01-21T21:39:53.837978+00:00', 'trades': [{'date': '2026-01-13', 'filing_date': '2026-01-13', 'insider_name': 'Jane Doe (CFO)', 'price': 178.13, ...}, {'date': '2026-01-12', 'filing_date': '2026-01-12', 'insider_name': 'Mike Brown (VP Sales)', 'price': 254.05, ...}, {'date': '2025-12-20', 'filing_date': '2025-12-20', 'insider_name': 'Sarah Johnson (COO)', 'price': 171.18, ...}, {'date': '2025-12-11', 'filing_date': '2025-12-11', 'insider_name': 'Bob Wilson (Director)', 'price': 169.15, ...}, {'date': '2025-12-10', 'filing_date': '2025-12-10', 'insider_name': 'Mike Brown (VP Sales)', 'price': 116.0, ...}, {'date': '2025-12-05', 'filing_date': '2025-12-05', 'insider_name': 'Bob Wilson (Director)', 'price': 239.55, ...}, ...]}">tests/test_trading_platform.py:257: in test_unusual_insider_activity
    assert "all_activity" in data
E   AssertionError: assert 'all_activity' in {'summary': {'buy_count': 4, 'net_activity': -20004948.0, 'sell_count': 6, 'signal': 'BEARISH', ...}, 'symbol': 'UNUSUAL', 'timestamp': '2026-01-21T21:39:53.837978+00:00', 'trades': [{'date': '2026-01-13', 'filing_date': '2026-01-13', 'insider_name': 'Jane Doe (CFO)', 'price': 178.13, ...}, {'date': '2026-01-12', 'filing_date': '2026-01-12', 'insider_name': 'Mike Brown (VP Sales)', 'price': 254.05, ...}, {'date': '2025-12-20', 'filing_date': '2025-12-20', 'insider_name': 'Sarah Johnson (COO)', 'price': 171.18, ...}, {'date': '2025-12-11', 'filing_date': '2025-12-11', 'insider_name': 'Bob Wilson (Director)', 'price': 169.15, ...}, {'date': '2025-12-10', 'filing_date': '2025-12-10', 'insider_name': 'Mike Brown (VP Sales)', 'price': 116.0, ...}, {'date': '2025-12-05', 'filing_date': '2025-12-05', 'insider_name': 'Bob Wilson (Director)', 'price': 239.55, ...}, ...]}</failure></testcase><testcase classname="tests.test_trading_platform.TestCOTData" name="test_cot_summary" time="0.037" /><testcase classname="tests.test_trading_platform.TestCOTData" name="test_cot_by_market" time="0.033" /><testcase classname="tests.test_trading_platform.TestAlerts" name="test_generate_alerts" time="2.968" /><testcase classname="tests.test_trading_platform.TestAlerts" name="test_get_alerts" time="0.054" /><testcase classname="tests.test_trading_platform.TestDashboard" name="test_dashboard_stats" time="0.855" /><testcase classname="tests.test_trading_platform.TestNews" name="test_market_news" time="0.165" /><testcase classname="tests.test_trading_platform.TestHistoricalData" name="test_historical_data" time="0.718" /></testsuite></testsuites>