<?xml version="1.0" encoding="utf-8"?><testsuites name="pytest tests"><testsuite name="pytest" errors="0" failures="0" skipped="0" tests="16" time="260.409" timestamp="2026-02-12T18:02:24.947206+00:00" hostname="agent-env-48c01609-b344-47f0-a490-b2c7110cee87"><testcase classname="backend.tests.test_enhanced_market_intel.TestEnhancedMarketIntelAPI" name="test_health_check" time="15.299" /><testcase classname="backend.tests.test_enhanced_market_intel.TestEnhancedMarketIntelAPI" name="test_generate_early_market_with_force" time="70.260" /><testcase classname="backend.tests.test_enhanced_market_intel.TestEnhancedMarketIntelAPI" name="test_report_contains_market_regime_section" time="17.299" /><testcase classname="backend.tests.test_enhanced_market_intel.TestEnhancedMarketIntelAPI" name="test_report_contains_sector_performance" time="34.482" /><testcase classname="backend.tests.test_enhanced_market_intel.TestEnhancedMarketIntelAPI" name="test_report_contains_in_play_stocks" time="17.203" /><testcase classname="backend.tests.test_enhanced_market_intel.TestEnhancedMarketIntelAPI" name="test_report_contains_ticker_specific_news" time="48.430" /><testcase classname="backend.tests.test_enhanced_market_intel.TestEnhancedMarketIntelAPI" name="test_report_contains_market_status" time="35.941" /><testcase classname="backend.tests.test_enhanced_market_intel.TestMarketIntelScheduleAPI" name="test_schedule_endpoint_returns_200" time="1.700" /><testcase classname="backend.tests.test_enhanced_market_intel.TestMarketIntelScheduleAPI" name="test_schedule_has_five_report_types" time="0.042" /><testcase classname="backend.tests.test_enhanced_market_intel.TestMarketIntelReportsAPI" name="test_reports_endpoint_returns_200" time="0.044" /><testcase classname="backend.tests.test_enhanced_market_intel.TestMarketIntelReportsAPI" name="test_reports_list_structure" time="0.045" /><testcase classname="backend.tests.test_enhanced_market_intel.TestMarketIntelCurrentAPI" name="test_current_endpoint_returns_200" time="0.041" /><testcase classname="backend.tests.test_enhanced_market_intel.TestMarketIntelCurrentAPI" name="test_current_has_report_flag" time="1.663" /><testcase classname="backend.tests.test_enhanced_market_intel.TestSmartWatchlistIntegration" name="test_smart_watchlist_endpoint_works" time="0.041" /><testcase classname="backend.tests.test_enhanced_market_intel.TestSmartWatchlistIntegration" name="test_smart_watchlist_symbols_appear_in_report" time="16.087" /><testcase classname="backend.tests.test_enhanced_market_intel.TestAlpacaQuotesForMarketIntel" name="test_alpaca_batch_quotes" time="1.775" /></testsuite></testsuites>