<?xml version="1.0" encoding="utf-8"?><testsuites name="pytest tests"><testsuite name="pytest" errors="0" failures="1" skipped="0" tests="17" time="47.433" timestamp="2026-03-13T18:13:52.167039+00:00" hostname="agent-env-94ae5618-e98f-4f5f-b44a-7ecf3f542a5b"><testcase classname="tests.test_p1p2_trailing_stops_bot_features.TestTrailingStopEndpoints" name="test_calculate_trailing_stop_atr_mode" time="4.533" /><testcase classname="tests.test_p1p2_trailing_stops_bot_features.TestTrailingStopEndpoints" name="test_calculate_trailing_stop_percent_mode" time="0.156" /><testcase classname="tests.test_p1p2_trailing_stops_bot_features.TestTrailingStopEndpoints" name="test_calculate_trailing_stop_chandelier_mode" time="0.157" /><testcase classname="tests.test_p1p2_trailing_stops_bot_features.TestTrailingStopEndpoints" name="test_calculate_trailing_stop_parabolic_mode" time="0.199" /><testcase classname="tests.test_p1p2_trailing_stops_bot_features.TestTrailingStopEndpoints" name="test_calculate_trailing_stop_short_position" time="0.181" /><testcase classname="tests.test_p1p2_trailing_stops_bot_features.TestAutoTrailPositions" name="test_auto_trail_positions_returns_success" time="0.185" /><testcase classname="tests.test_p1p2_trailing_stops_bot_features.TestAutoTrailPositions" name="test_auto_trail_recommendations_structure" time="0.177" /><testcase classname="tests.test_p1p2_trailing_stops_bot_features.TestBotThoughtsEndpoint" name="test_get_bot_thoughts_success" time="0.235" /><testcase classname="tests.test_p1p2_trailing_stops_bot_features.TestBotThoughtsEndpoint" name="test_bot_thoughts_structure" time="1.073" /><testcase classname="tests.test_p1p2_trailing_stops_bot_features.TestBotThoughtsEndpoint" name="test_bot_thoughts_limit" time="0.116" /><testcase classname="tests.test_p1p2_trailing_stops_bot_features.TestDashboardDataEndpoint" name="test_dashboard_data_success" time="1.072" /><testcase classname="tests.test_p1p2_trailing_stops_bot_features.TestDashboardDataEndpoint" name="test_dashboard_bot_status_structure" time="0.207" /><testcase classname="tests.test_p1p2_trailing_stops_bot_features.TestDashboardDataEndpoint" name="test_dashboard_open_trades_structure" time="1.248" /><testcase classname="tests.test_p1p2_trailing_stops_bot_features.TestHistoricalDataEndpoint" name="test_historical_data_spy" time="0.208" /><testcase classname="tests.test_p1p2_trailing_stops_bot_features.TestHistoricalDataEndpoint" name="test_historical_data_different_timeframes" time="30.193" /><testcase classname="tests.test_p1p2_trailing_stops_bot_features.TestSmartStopCalculate" name="test_calculate_smart_stop_atr_mode" time="0.178"><failure message="AssertionError: assert 'unknown' == 'atr_dynamic'&#10;  &#10;  - atr_dynamic&#10;  + unknown">tests/test_p1p2_trailing_stops_bot_features.py:318: in test_calculate_smart_stop_atr_mode
    assert data["stop_mode"] == "atr_dynamic"
E   AssertionError: assert 'unknown' == 'atr_dynamic'
E     
E     - atr_dynamic
E     + unknown</failure></testcase><testcase classname="tests.test_p1p2_trailing_stops_bot_features.TestBotStatus" name="test_bot_status" time="7.207" /></testsuite></testsuites>